Running BrowserMob Proxy using LittleProxy implementation. To revert to the legacy implementation, run the proxy with the command-line option '--use-littleproxy false'.
[INFO  2018-04-14T10:29:51,246 net.lightbody.bmp.proxy.Main] (main) Starting BrowserMob Proxy version 2.1.4 
[INFO  2018-04-14T10:29:54,386 org.eclipse.jetty.util.log] (main) jetty-7.x.y-SNAPSHOT 
[INFO  2018-04-14T10:29:54,462 org.eclipse.jetty.util.log] (main) started o.e.j.s.ServletContextHandler{/,null} 
[INFO  2018-04-14T10:29:54,750 org.eclipse.jetty.util.log] (main) Started SelectChannelConnector@0.0.0.0:8080 
[WARN  2018-04-14T10:29:56,034 net.lightbody.bmp.BrowserMobProxyServerLegacyAdapter] (qtp2053628870-17) Chained proxy support through setOptions is deprecated. Use setUpstreamProxy() to enable chained proxy support. 
[INFO  2018-04-14T10:29:59,806 org.littleshoot.proxy.impl.DefaultHttpProxyServer] (qtp2053628870-17) Starting proxy at address: 0.0.0.0/0.0.0.0:8081 
[INFO  2018-04-14T10:29:59,858 org.littleshoot.proxy.impl.DefaultHttpProxyServer] (qtp2053628870-17) Proxy listening with TCP transport 
[INFO  2018-04-14T10:29:59,988 org.littleshoot.proxy.impl.DefaultHttpProxyServer] (qtp2053628870-17) Proxy started at address: /0:0:0:0:0:0:0:0:8081 
[INFO  2018-04-14T10:30:09,258 net.lightbody.bmp.filters.HarCaptureFilter] (LittleProxy-0-ClientToProxyWorker-1) Unable to decode query parameters on URI: /m.gif?logtype=1&title=%u6DD8%u5B9D%u5934%u6761&pre=&cache=28336d6&scr=1280x800&cna=sFVYE1pd2XACAXHXsrVxF/CA&spm-cnt=a2141.7631809%2Fa.0.0.2e316998lbMh8V&category=&uidaplus=&aplus&yunid=&&asid=AQAAAACuZ9FaAgq3cgAAAAA6Z4yyaPMWkA==&p=1&o=mac&b=chrome65&s=1280x800&w=webkit&ism=mac&lver=8.3.14&jsver=aplus_std&pver=0.3.19&mansndlog=1&name=https%3A%2F%2Fmarket.m.taobao.com%2Fapps%2Fmarket%2Ftoutiao%2Fportal.html%3Fwh_weex%3Dtrue%26_wx_appbar%3Dtrue&specialColumnType=HEADLINE&tabName=toutiaopage&pageCode=7631809%2Fa&tag=1&stag=-1&lstag=-1 java.lang.IllegalArgumentException: invalid escape sequence `%u6' at index 0 of: %u6DD8%u5B9D%u5934%u6761
	at io.netty.handler.codec.http.QueryStringDecoder.decodeComponent(QueryStringDecoder.java:350) ~[browsermob-dist-2.1.4.jar:?]
	at io.netty.handler.codec.http.QueryStringDecoder.decodeParams(QueryStringDecoder.java:237) ~[browsermob-dist-2.1.4.jar:?]
	at io.netty.handler.codec.http.QueryStringDecoder.parameters(QueryStringDecoder.java:198) ~[browsermob-dist-2.1.4.jar:?]
	at net.lightbody.bmp.filters.HarCaptureFilter.captureQueryParameters(HarCaptureFilter.java:326) [browsermob-dist-2.1.4.jar:?]
	at net.lightbody.bmp.filters.HarCaptureFilter.clientToProxyRequest(HarCaptureFilter.java:203) [browsermob-dist-2.1.4.jar:?]
	at net.lightbody.bmp.filters.BrowserMobHttpFilterChain.clientToProxyRequest(BrowserMobHttpFilterChain.java:65) [browsermob-dist-2.1.4.jar:?]
	at org.littleshoot.proxy.impl.ClientToProxyConnection.doReadHTTPInitial(ClientToProxyConnection.java:227) [browsermob-dist-2.1.4.jar:?]
	at org.littleshoot.proxy.impl.ClientToProxyConnection.readHTTPInitial(ClientToProxyConnection.java:191) [browsermob-dist-2.1.4.jar:?]
	at org.littleshoot.proxy.impl.ClientToProxyConnection.readHTTPInitial(ClientToProxyConnection.java:80) [browsermob-dist-2.1.4.jar:?]
	at org.littleshoot.proxy.impl.ProxyConnection.readHTTP(ProxyConnection.java:135) [browsermob-dist-2.1.4.jar:?]
	at org.littleshoot.proxy.impl.ProxyConnection.read(ProxyConnection.java:120) [browsermob-dist-2.1.4.jar:?]
	at org.littleshoot.proxy.impl.ProxyConnection.channelRead0(ProxyConnection.java:587) [browsermob-dist-2.1.4.jar:?]
	at io.netty.channel.SimpleChannelInboundHandler.channelRead(SimpleChannelInboundHandler.java:105) [browsermob-dist-2.1.4.jar:?]
	at io.netty.channel.AbstractChannelHandlerContext.invokeChannelRead(AbstractChannelHandlerContext.java:373) [browsermob-dist-2.1.4.jar:?]
	at io.netty.channel.AbstractChannelHandlerContext.invokeChannelRead(AbstractChannelHandlerContext.java:359) [browsermob-dist-2.1.4.jar:?]
	at io.netty.channel.AbstractChannelHandlerContext.fireChannelRead(AbstractChannelHandlerContext.java:351) [browsermob-dist-2.1.4.jar:?]
	at io.netty.handler.timeout.IdleStateHandler.channelRead(IdleStateHandler.java:266) [browsermob-dist-2.1.4.jar:?]
	at io.netty.channel.AbstractChannelHandlerContext.invokeChannelRead(AbstractChannelHandlerContext.java:373) [browsermob-dist-2.1.4.jar:?]
	at io.netty.channel.AbstractChannelHandlerContext.invokeChannelRead(AbstractChannelHandlerContext.java:359) [browsermob-dist-2.1.4.jar:?]
	at io.netty.channel.AbstractChannelHandlerContext.fireChannelRead(AbstractChannelHandlerContext.java:351) [browsermob-dist-2.1.4.jar:?]
	at io.netty.channel.ChannelInboundHandlerAdapter.channelRead(ChannelInboundHandlerAdapter.java:86) [browsermob-dist-2.1.4.jar:?]
	at org.littleshoot.proxy.impl.ProxyConnection$RequestReadMonitor.channelRead(ProxyConnection.java:715) [browsermob-dist-2.1.4.jar:?]
	at io.netty.channel.AbstractChannelHandlerContext.invokeChannelRead(AbstractChannelHandlerContext.java:373) [browsermob-dist-2.1.4.jar:?]
	at io.netty.channel.AbstractChannelHandlerContext.invokeChannelRead(AbstractChannelHandlerContext.java:359) [browsermob-dist-2.1.4.jar:?]
	at io.netty.channel.AbstractChannelHandlerContext.fireChannelRead(AbstractChannelHandlerContext.java:351) [browsermob-dist-2.1.4.jar:?]
	at io.netty.handler.codec.ByteToMessageDecoder.fireChannelRead(ByteToMessageDecoder.java:293) [browsermob-dist-2.1.4.jar:?]
	at io.netty.handler.codec.ByteToMessageDecoder.channelRead(ByteToMessageDecoder.java:267) [browsermob-dist-2.1.4.jar:?]
	at io.netty.channel.AbstractChannelHandlerContext.invokeChannelRead(AbstractChannelHandlerContext.java:373) [browsermob-dist-2.1.4.jar:?]
	at io.netty.channel.AbstractChannelHandlerContext.invokeChannelRead(AbstractChannelHandlerContext.java:359) [browsermob-dist-2.1.4.jar:?]
	at io.netty.channel.AbstractChannelHandlerContext.fireChannelRead(AbstractChannelHandlerContext.java:351) [browsermob-dist-2.1.4.jar:?]
	at io.netty.channel.ChannelInboundHandlerAdapter.channelRead(ChannelInboundHandlerAdapter.java:86) [browsermob-dist-2.1.4.jar:?]
	at org.littleshoot.proxy.impl.ProxyConnection$BytesReadMonitor.channelRead(ProxyConnection.java:692) [browsermob-dist-2.1.4.jar:?]
	at io.netty.channel.AbstractChannelHandlerContext.invokeChannelRead(AbstractChannelHandlerContext.java:373) [browsermob-dist-2.1.4.jar:?]
	at io.netty.channel.AbstractChannelHandlerContext.invokeChannelRead(AbstractChannelHandlerContext.java:359) [browsermob-dist-2.1.4.jar:?]
	at io.netty.channel.AbstractChannelHandlerContext.fireChannelRead(AbstractChannelHandlerContext.java:351) [browsermob-dist-2.1.4.jar:?]
	at io.netty.handler.ssl.SslHandler.unwrap(SslHandler.java:1069) [browsermob-dist-2.1.4.jar:?]
	at io.netty.handler.ssl.SslHandler.decode(SslHandler.java:902) [browsermob-dist-2.1.4.jar:?]
	at io.netty.handler.codec.ByteToMessageDecoder.callDecode(ByteToMessageDecoder.java:411) [browsermob-dist-2.1.4.jar:?]
	at io.netty.handler.codec.ByteToMessageDecoder.channelRead(ByteToMessageDecoder.java:248) [browsermob-dist-2.1.4.jar:?]
	at io.netty.channel.AbstractChannelHandlerContext.invokeChannelRead(AbstractChannelHandlerContext.java:373) [browsermob-dist-2.1.4.jar:?]
	at io.netty.channel.AbstractChannelHandlerContext.invokeChannelRead(AbstractChannelHandlerContext.java:359) [browsermob-dist-2.1.4.jar:?]
	at io.netty.channel.AbstractChannelHandlerContext.fireChannelRead(AbstractChannelHandlerContext.java:351) [browsermob-dist-2.1.4.jar:?]
	at io.netty.channel.DefaultChannelPipeline$HeadContext.channelRead(DefaultChannelPipeline.java:1334) [browsermob-dist-2.1.4.jar:?]
	at io.netty.channel.AbstractChannelHandlerContext.invokeChannelRead(AbstractChannelHandlerContext.java:373) [browsermob-dist-2.1.4.jar:?]
	at io.netty.channel.AbstractChannelHandlerContext.invokeChannelRead(AbstractChannelHandlerContext.java:359) [browsermob-dist-2.1.4.jar:?]
	at io.netty.channel.DefaultChannelPipeline.fireChannelRead(DefaultChannelPipeline.java:926) [browsermob-dist-2.1.4.jar:?]
	at io.netty.channel.nio.AbstractNioByteChannel$NioByteUnsafe.read(AbstractNioByteChannel.java:129) [browsermob-dist-2.1.4.jar:?]
	at io.netty.channel.nio.NioEventLoop.processSelectedKey(NioEventLoop.java:651) [browsermob-dist-2.1.4.jar:?]
	at io.netty.channel.nio.NioEventLoop.processSelectedKeysOptimized(NioEventLoop.java:574) [browsermob-dist-2.1.4.jar:?]
	at io.netty.channel.nio.NioEventLoop.processSelectedKeys(NioEventLoop.java:488) [browsermob-dist-2.1.4.jar:?]
	at io.netty.channel.nio.NioEventLoop.run(NioEventLoop.java:450) [browsermob-dist-2.1.4.jar:?]
	at io.netty.util.concurrent.SingleThreadEventExecutor$5.run(SingleThreadEventExecutor.java:873) [browsermob-dist-2.1.4.jar:?]
	at java.lang.Thread.run(Thread.java:748) [?:1.8.0_152]

[INFO  2018-04-14T10:30:11,866 org.littleshoot.proxy.impl.ClientToProxyConnection] (LittleProxy-0-ClientToProxyWorker-3) (NEGOTIATING_CONNECT) [id: 0x0d4276e3, L:/0:0:0:0:0:0:0:1:8081 - R:/0:0:0:0:0:0:0:1:54843]: An IOException occurred on ClientToProxyConnection: Connection reset by peer 
[INFO  2018-04-14T10:30:11,869 org.littleshoot.proxy.impl.ProxyToServerConnection] (LittleProxy-0-ProxyToServerWorker-2) (DISCONNECTED) [id: 0x4f2f32b1, L:0.0.0.0/0.0.0.0:54844]: Connection to upstream server via chained proxy failed java.nio.channels.ClosedChannelException: null
	at io.netty.handler.ssl.SslHandler.channelInactive(...)(Unknown Source) ~[browsermob-dist-2.1.4.jar:?]

[INFO  2018-04-14T10:30:12,370 org.littleshoot.proxy.impl.ClientToProxyConnection] (LittleProxy-0-ClientToProxyWorker-4) (NEGOTIATING_CONNECT) [id: 0x712444eb, L:/0:0:0:0:0:0:0:1:8081 - R:/0:0:0:0:0:0:0:1:54845]: An IOException occurred on ClientToProxyConnection: Connection reset by peer 
[INFO  2018-04-14T10:30:12,373 org.littleshoot.proxy.impl.ProxyToServerConnection] (LittleProxy-0-ProxyToServerWorker-4) (DISCONNECTED) [id: 0xf1bb1951, L:0.0.0.0/0.0.0.0:54846]: Connection to upstream server via chained proxy failed java.nio.channels.ClosedChannelException: null
	at io.netty.handler.ssl.SslHandler.channelInactive(...)(Unknown Source) ~[browsermob-dist-2.1.4.jar:?]

[INFO  2018-04-18T19:27:24,202 org.littleshoot.proxy.impl.DefaultHttpProxyServer] (LittleProxy-JVM-shutdown-hook) Shutting down proxy server immediately (non-graceful) 
[INFO  2018-04-18T19:27:24,227 org.littleshoot.proxy.impl.DefaultHttpProxyServer] (LittleProxy-JVM-shutdown-hook) Closing all channels (non-graceful) 
