[INFO  - 2017-11-03T08:27:42.807Z] GhostDriver - Main - running on port 51784
[INFO  - 2017-11-03T08:27:42.847Z] Session [dc9fa690-c070-11e7-a1a0-bd563380912f] - page.settings - {"XSSAuditingEnabled":false,"javascriptCanCloseWindows":true,"javascriptCanOpenWindows":true,"javascriptEnabled":true,"loadImages":false,"localToRemoteUrlAccessEnabled":false,"userAgent":"Mozilla/5.0 (Windows NT 5.2; rv:10.0.1) Gecko/20100101 Firefox/10.0.1 SeaMonkey/2.7.1","webSecurityEnabled":true}
[INFO  - 2017-11-03T08:27:42.847Z] Session [dc9fa690-c070-11e7-a1a0-bd563380912f] - page.customHeaders:  - {}
[INFO  - 2017-11-03T08:27:42.847Z] Session [dc9fa690-c070-11e7-a1a0-bd563380912f] - Session.negotiatedCapabilities - {"browserName":"phantomjs","version":"2.1.1","driverName":"ghostdriver","driverVersion":"1.2.0","platform":"mac-unknown-64bit","javascriptEnabled":true,"takesScreenshot":true,"handlesAlerts":false,"databaseEnabled":false,"locationContextEnabled":false,"applicationCacheEnabled":false,"browserConnectionEnabled":false,"cssSelectorsEnabled":true,"webStorageEnabled":false,"rotatable":false,"acceptSslCerts":false,"nativeEvents":true,"proxy":{"proxyType":"direct"},"phantomjs.page.settings.resourceTimeout":1000,"phantomjs.page.settings.loadImages":false,"phantomjs.page.settings.disk-cache":true,"phantomjs.page.settings.userAgent":"Mozilla/5.0 (Windows NT 5.2; rv:10.0.1) Gecko/20100101 Firefox/10.0.1 SeaMonkey/2.7.1"}
[INFO  - 2017-11-03T08:27:42.847Z] SessionManagerReqHand - _postNewSessionCommand - New Session Created: dc9fa690-c070-11e7-a1a0-bd563380912f
[ERROR - 2017-11-03T08:27:49.565Z] RouterReqHand - _handle.error - {"name":"Missing Command Parameter","message":"{\"headers\":{\"Accept\":\"application/json\",\"Accept-Encoding\":\"identity\",\"Content-Length\":\"71\",\"Content-Type\":\"application/json;charset=UTF-8\",\"Host\":\"127.0.0.1:51784\",\"User-Agent\":\"Python http auth\",\"X-Lantern-Version\":\"4.2.1-beta2\"},\"httpVersion\":\"1.1\",\"method\":\"POST\",\"post\":\"{\\\"pageLoad\\\": 4000, \\\"sessionId\\\": \\\"dc9fa690-c070-11e7-a1a0-bd563380912f\\\"}\",\"url\":\"/timeouts\",\"urlParsed\":{\"anchor\":\"\",\"query\":\"\",\"file\":\"timeouts\",\"directory\":\"/\",\"path\":\"/timeouts\",\"relative\":\"/timeouts\",\"port\":\"\",\"host\":\"\",\"password\":\"\",\"user\":\"\",\"userInfo\":\"\",\"authority\":\"\",\"protocol\":\"\",\"source\":\"/timeouts\",\"queryKey\":{},\"chunks\":[\"timeouts\"]},\"urlOriginal\":\"/session/dc9fa690-c070-11e7-a1a0-bd563380912f/timeouts\"}","line":546,"sourceURL":"phantomjs://code/session_request_handler.js","stack":"_postTimeout@phantomjs://code/session_request_handler.js:546:73\n_handle@phantomjs://code/session_request_handler.js:148:25\n_reroute@phantomjs://code/request_handler.js:61:20\n_handle@phantomjs://code/router_request_handler.js:78:46"}

  phantomjs://platform/console++.js:263 in error
[ERROR - 2017-11-03T08:27:53.048Z] RouterReqHand - _handle.error - {"name":"Missing Command Parameter","message":"{\"headers\":{\"Accept\":\"application/json\",\"Accept-Encoding\":\"identity\",\"Content-Length\":\"72\",\"Content-Type\":\"application/json;charset=UTF-8\",\"Host\":\"127.0.0.1:51784\",\"User-Agent\":\"Python http auth\",\"X-Lantern-Version\":\"4.2.1-beta2\"},\"httpVersion\":\"1.1\",\"method\":\"POST\",\"post\":\"{\\\"pageLoad\\\": 12000, \\\"sessionId\\\": \\\"dc9fa690-c070-11e7-a1a0-bd563380912f\\\"}\",\"url\":\"/timeouts\",\"urlParsed\":{\"anchor\":\"\",\"query\":\"\",\"file\":\"timeouts\",\"directory\":\"/\",\"path\":\"/timeouts\",\"relative\":\"/timeouts\",\"port\":\"\",\"host\":\"\",\"password\":\"\",\"user\":\"\",\"userInfo\":\"\",\"authority\":\"\",\"protocol\":\"\",\"source\":\"/timeouts\",\"queryKey\":{},\"chunks\":[\"timeouts\"]},\"urlOriginal\":\"/session/dc9fa690-c070-11e7-a1a0-bd563380912f/timeouts\"}","line":546,"sourceURL":"phantomjs://code/session_request_handler.js","stack":"_postTimeout@phantomjs://code/session_request_handler.js:546:73\n_handle@phantomjs://code/session_request_handler.js:148:25\n_reroute@phantomjs://code/request_handler.js:61:20\n_handle@phantomjs://code/router_request_handler.js:78:46"}

  phantomjs://platform/console++.js:263 in error
[ERROR - 2017-11-03T08:27:53.835Z] Session [dc9fa690-c070-11e7-a1a0-bd563380912f] - page.onError - msg: TypeError: undefined is not an object (evaluating 'c[d]')

  phantomjs://platform/console++.js:263 in error
[ERROR - 2017-11-03T08:27:53.835Z] Session [dc9fa690-c070-11e7-a1a0-bd563380912f] - page.onError - stack:
  (anonymous function) (https://g.alicdn.com/??kissy/k/1.4.13/seed-min.js,hybrid/api/2.0.2/hybrid.min.js:40)
  each (https://g.alicdn.com/??kissy/k/1.4.13/seed-min.js,hybrid/api/2.0.2/hybrid.min.js:12)
  resolve (https://g.alicdn.com/??kissy/k/1.4.13/seed-min.js,hybrid/api/2.0.2/hybrid.min.js:39)
  i (https://g.alicdn.com/kissy/k/1.4.13/??dom/base-min.js,event-min.js,event/dom/base-min.js,event/base-min.js,event/dom/touch-min.js,event/dom/focusin-min.js,event/custom-min.js,io-min.js,promise-min.js,base-min.js,attribute-min.js:185)
  k (https://g.alicdn.com/kissy/k/1.4.13/??dom/base-min.js,event-min.js,event/dom/base-min.js,event/base-min.js,event/dom/touch-min.js,event/dom/focusin-min.js,event/custom-min.js,io-min.js,promise-min.js,base-min.js,attribute-min.js:186)
  k (https://g.alicdn.com/kissy/k/1.4.13/??dom/base-min.js,event-min.js,event/dom/base-min.js,event/base-min.js,event/dom/touch-min.js,event/dom/focusin-min.js,event/custom-min.js,io-min.js,promise-min.js,base-min.js,attribute-min.js:186)
  complete (https://g.alicdn.com/??tm/detail-m/3.2.97/seed.js,mui/datalazyload/3.1.14/index.js,tm/detail-m/3.2.97/desc.js:1)
  _ioReady (https://g.alicdn.com/kissy/k/1.4.13/??dom/base-min.js,event-min.js,event/dom/base-min.js,event/base-min.js,event/dom/touch-min.js,event/dom/focusin-min.js,event/custom-min.js,io-min.js,promise-min.js,base-min.js,attribute-min.js:217)
  _callback (https://g.alicdn.com/kissy/k/1.4.13/??dom/base-min.js,event-min.js,event/dom/base-min.js,event/base-min.js,event/dom/touch-min.js,event/dom/focusin-min.js,event/custom-min.js,io-min.js,promise-min.js,base-min.js,attribute-min.js:204)
  success (https://g.alicdn.com/kissy/k/1.4.13/??dom/base-min.js,event-min.js,event/dom/base-min.js,event/base-min.js,event/dom/touch-min.js,event/dom/focusin-min.js,event/custom-min.js,io-min.js,promise-min.js,base-min.js,attribute-min.js:204)
  (anonymous function) (https://g.alicdn.com/??kissy/k/1.4.13/seed-min.js,hybrid/api/2.0.2/hybrid.min.js:71)
  each (https://g.alicdn.com/??kissy/k/1.4.13/seed-min.js,hybrid/api/2.0.2/hybrid.min.js:12)
  t (https://g.alicdn.com/??kissy/k/1.4.13/seed-min.js,hybrid/api/2.0.2/hybrid.min.js:71)
  c (https://g.alicdn.com/??kissy/k/1.4.13/seed-min.js,hybrid/api/2.0.2/hybrid.min.js:70)

  phantomjs://platform/console++.js:263 in error
[ERROR - 2017-11-03T08:29:30.201Z] RouterReqHand - _handle.error - {"name":"Missing Command Parameter","message":"{\"headers\":{\"Accept\":\"application/json\",\"Accept-Encoding\":\"identity\",\"Content-Length\":\"71\",\"Content-Type\":\"application/json;charset=UTF-8\",\"Host\":\"127.0.0.1:51784\",\"User-Agent\":\"Python http auth\",\"X-Lantern-Version\":\"4.2.1-beta2\"},\"httpVersion\":\"1.1\",\"method\":\"POST\",\"post\":\"{\\\"pageLoad\\\": 4000, \\\"sessionId\\\": \\\"dc9fa690-c070-11e7-a1a0-bd563380912f\\\"}\",\"url\":\"/timeouts\",\"urlParsed\":{\"anchor\":\"\",\"query\":\"\",\"file\":\"timeouts\",\"directory\":\"/\",\"path\":\"/timeouts\",\"relative\":\"/timeouts\",\"port\":\"\",\"host\":\"\",\"password\":\"\",\"user\":\"\",\"userInfo\":\"\",\"authority\":\"\",\"protocol\":\"\",\"source\":\"/timeouts\",\"queryKey\":{},\"chunks\":[\"timeouts\"]},\"urlOriginal\":\"/session/dc9fa690-c070-11e7-a1a0-bd563380912f/timeouts\"}","line":546,"sourceURL":"phantomjs://code/session_request_handler.js","stack":"_postTimeout@phantomjs://code/session_request_handler.js:546:73\n_handle@phantomjs://code/session_request_handler.js:148:25\n_reroute@phantomjs://code/request_handler.js:61:20\n_handle@phantomjs://code/router_request_handler.js:78:46"}

  phantomjs://platform/console++.js:263 in error
[ERROR - 2017-11-03T08:29:31.807Z] RouterReqHand - _handle.error - {"name":"Missing Command Parameter","message":"{\"headers\":{\"Accept\":\"application/json\",\"Accept-Encoding\":\"identity\",\"Content-Length\":\"72\",\"Content-Type\":\"application/json;charset=UTF-8\",\"Host\":\"127.0.0.1:51784\",\"User-Agent\":\"Python http auth\",\"X-Lantern-Version\":\"4.2.1-beta2\"},\"httpVersion\":\"1.1\",\"method\":\"POST\",\"post\":\"{\\\"pageLoad\\\": 12000, \\\"sessionId\\\": \\\"dc9fa690-c070-11e7-a1a0-bd563380912f\\\"}\",\"url\":\"/timeouts\",\"urlParsed\":{\"anchor\":\"\",\"query\":\"\",\"file\":\"timeouts\",\"directory\":\"/\",\"path\":\"/timeouts\",\"relative\":\"/timeouts\",\"port\":\"\",\"host\":\"\",\"password\":\"\",\"user\":\"\",\"userInfo\":\"\",\"authority\":\"\",\"protocol\":\"\",\"source\":\"/timeouts\",\"queryKey\":{},\"chunks\":[\"timeouts\"]},\"urlOriginal\":\"/session/dc9fa690-c070-11e7-a1a0-bd563380912f/timeouts\"}","line":546,"sourceURL":"phantomjs://code/session_request_handler.js","stack":"_postTimeout@phantomjs://code/session_request_handler.js:546:73\n_handle@phantomjs://code/session_request_handler.js:148:25\n_reroute@phantomjs://code/request_handler.js:61:20\n_handle@phantomjs://code/router_request_handler.js:78:46"}

  phantomjs://platform/console++.js:263 in error
[ERROR - 2017-11-03T08:29:32.426Z] Session [dc9fa690-c070-11e7-a1a0-bd563380912f] - page.onError - msg: TypeError: undefined is not an object (evaluating 'c[d]')

  phantomjs://platform/console++.js:263 in error
[ERROR - 2017-11-03T08:29:32.426Z] Session [dc9fa690-c070-11e7-a1a0-bd563380912f] - page.onError - stack:
  (anonymous function) (https://g.alicdn.com/??kissy/k/1.4.13/seed-min.js,hybrid/api/2.0.2/hybrid.min.js:40)
  each (https://g.alicdn.com/??kissy/k/1.4.13/seed-min.js,hybrid/api/2.0.2/hybrid.min.js:12)
  resolve (https://g.alicdn.com/??kissy/k/1.4.13/seed-min.js,hybrid/api/2.0.2/hybrid.min.js:39)
  i (https://g.alicdn.com/kissy/k/1.4.13/??dom/base-min.js,event-min.js,event/dom/base-min.js,event/base-min.js,event/dom/touch-min.js,event/dom/focusin-min.js,event/custom-min.js,io-min.js,promise-min.js,base-min.js,attribute-min.js:185)
  k (https://g.alicdn.com/kissy/k/1.4.13/??dom/base-min.js,event-min.js,event/dom/base-min.js,event/base-min.js,event/dom/touch-min.js,event/dom/focusin-min.js,event/custom-min.js,io-min.js,promise-min.js,base-min.js,attribute-min.js:186)
  k (https://g.alicdn.com/kissy/k/1.4.13/??dom/base-min.js,event-min.js,event/dom/base-min.js,event/base-min.js,event/dom/touch-min.js,event/dom/focusin-min.js,event/custom-min.js,io-min.js,promise-min.js,base-min.js,attribute-min.js:186)
  complete (https://g.alicdn.com/??tm/detail-m/3.2.97/seed.js,mui/datalazyload/3.1.14/index.js,tm/detail-m/3.2.97/desc.js:1)
  _ioReady (https://g.alicdn.com/kissy/k/1.4.13/??dom/base-min.js,event-min.js,event/dom/base-min.js,event/base-min.js,event/dom/touch-min.js,event/dom/focusin-min.js,event/custom-min.js,io-min.js,promise-min.js,base-min.js,attribute-min.js:217)
  _callback (https://g.alicdn.com/kissy/k/1.4.13/??dom/base-min.js,event-min.js,event/dom/base-min.js,event/base-min.js,event/dom/touch-min.js,event/dom/focusin-min.js,event/custom-min.js,io-min.js,promise-min.js,base-min.js,attribute-min.js:204)
  success (https://g.alicdn.com/kissy/k/1.4.13/??dom/base-min.js,event-min.js,event/dom/base-min.js,event/base-min.js,event/dom/touch-min.js,event/dom/focusin-min.js,event/custom-min.js,io-min.js,promise-min.js,base-min.js,attribute-min.js:204)
  (anonymous function) (https://g.alicdn.com/??kissy/k/1.4.13/seed-min.js,hybrid/api/2.0.2/hybrid.min.js:71)
  each (https://g.alicdn.com/??kissy/k/1.4.13/seed-min.js,hybrid/api/2.0.2/hybrid.min.js:12)
  t (https://g.alicdn.com/??kissy/k/1.4.13/seed-min.js,hybrid/api/2.0.2/hybrid.min.js:71)
  c (https://g.alicdn.com/??kissy/k/1.4.13/seed-min.js,hybrid/api/2.0.2/hybrid.min.js:70)

  phantomjs://platform/console++.js:263 in error
[ERROR - 2017-11-03T08:29:48.756Z] RouterReqHand - _handle.error - {"name":"Missing Command Parameter","message":"{\"headers\":{\"Accept\":\"application/json\",\"Accept-Encoding\":\"identity\",\"Content-Length\":\"71\",\"Content-Type\":\"application/json;charset=UTF-8\",\"Host\":\"127.0.0.1:51784\",\"User-Agent\":\"Python http auth\",\"X-Lantern-Version\":\"4.2.1-beta2\"},\"httpVersion\":\"1.1\",\"method\":\"POST\",\"post\":\"{\\\"pageLoad\\\": 4000, \\\"sessionId\\\": \\\"dc9fa690-c070-11e7-a1a0-bd563380912f\\\"}\",\"url\":\"/timeouts\",\"urlParsed\":{\"anchor\":\"\",\"query\":\"\",\"file\":\"timeouts\",\"directory\":\"/\",\"path\":\"/timeouts\",\"relative\":\"/timeouts\",\"port\":\"\",\"host\":\"\",\"password\":\"\",\"user\":\"\",\"userInfo\":\"\",\"authority\":\"\",\"protocol\":\"\",\"source\":\"/timeouts\",\"queryKey\":{},\"chunks\":[\"timeouts\"]},\"urlOriginal\":\"/session/dc9fa690-c070-11e7-a1a0-bd563380912f/timeouts\"}","line":546,"sourceURL":"phantomjs://code/session_request_handler.js","stack":"_postTimeout@phantomjs://code/session_request_handler.js:546:73\n_handle@phantomjs://code/session_request_handler.js:148:25\n_reroute@phantomjs://code/request_handler.js:61:20\n_handle@phantomjs://code/router_request_handler.js:78:46"}

  phantomjs://platform/console++.js:263 in error
[ERROR - 2017-11-03T08:29:49.286Z] RouterReqHand - _handle.error - {"name":"Missing Command Parameter","message":"{\"headers\":{\"Accept\":\"application/json\",\"Accept-Encoding\":\"identity\",\"Content-Length\":\"72\",\"Content-Type\":\"application/json;charset=UTF-8\",\"Host\":\"127.0.0.1:51784\",\"User-Agent\":\"Python http auth\",\"X-Lantern-Version\":\"4.2.1-beta2\"},\"httpVersion\":\"1.1\",\"method\":\"POST\",\"post\":\"{\\\"pageLoad\\\": 12000, \\\"sessionId\\\": \\\"dc9fa690-c070-11e7-a1a0-bd563380912f\\\"}\",\"url\":\"/timeouts\",\"urlParsed\":{\"anchor\":\"\",\"query\":\"\",\"file\":\"timeouts\",\"directory\":\"/\",\"path\":\"/timeouts\",\"relative\":\"/timeouts\",\"port\":\"\",\"host\":\"\",\"password\":\"\",\"user\":\"\",\"userInfo\":\"\",\"authority\":\"\",\"protocol\":\"\",\"source\":\"/timeouts\",\"queryKey\":{},\"chunks\":[\"timeouts\"]},\"urlOriginal\":\"/session/dc9fa690-c070-11e7-a1a0-bd563380912f/timeouts\"}","line":546,"sourceURL":"phantomjs://code/session_request_handler.js","stack":"_postTimeout@phantomjs://code/session_request_handler.js:546:73\n_handle@phantomjs://code/session_request_handler.js:148:25\n_reroute@phantomjs://code/request_handler.js:61:20\n_handle@phantomjs://code/router_request_handler.js:78:46"}

  phantomjs://platform/console++.js:263 in error
[ERROR - 2017-11-03T08:29:49.882Z] Session [dc9fa690-c070-11e7-a1a0-bd563380912f] - page.onError - msg: TypeError: undefined is not an object (evaluating 'c[d]')

  phantomjs://platform/console++.js:263 in error
[ERROR - 2017-11-03T08:29:49.882Z] Session [dc9fa690-c070-11e7-a1a0-bd563380912f] - page.onError - stack:
  (anonymous function) (https://g.alicdn.com/??kissy/k/1.4.13/seed-min.js,hybrid/api/2.0.2/hybrid.min.js:40)
  each (https://g.alicdn.com/??kissy/k/1.4.13/seed-min.js,hybrid/api/2.0.2/hybrid.min.js:12)
  resolve (https://g.alicdn.com/??kissy/k/1.4.13/seed-min.js,hybrid/api/2.0.2/hybrid.min.js:39)
  i (https://g.alicdn.com/kissy/k/1.4.13/??dom/base-min.js,event-min.js,event/dom/base-min.js,event/base-min.js,event/dom/touch-min.js,event/dom/focusin-min.js,event/custom-min.js,io-min.js,promise-min.js,base-min.js,attribute-min.js:185)
  k (https://g.alicdn.com/kissy/k/1.4.13/??dom/base-min.js,event-min.js,event/dom/base-min.js,event/base-min.js,event/dom/touch-min.js,event/dom/focusin-min.js,event/custom-min.js,io-min.js,promise-min.js,base-min.js,attribute-min.js:186)
  k (https://g.alicdn.com/kissy/k/1.4.13/??dom/base-min.js,event-min.js,event/dom/base-min.js,event/base-min.js,event/dom/touch-min.js,event/dom/focusin-min.js,event/custom-min.js,io-min.js,promise-min.js,base-min.js,attribute-min.js:186)
  complete (https://g.alicdn.com/??tm/detail-m/3.2.97/seed.js,mui/datalazyload/3.1.14/index.js,tm/detail-m/3.2.97/desc.js:1)
  _ioReady (https://g.alicdn.com/kissy/k/1.4.13/??dom/base-min.js,event-min.js,event/dom/base-min.js,event/base-min.js,event/dom/touch-min.js,event/dom/focusin-min.js,event/custom-min.js,io-min.js,promise-min.js,base-min.js,attribute-min.js:217)
  _callback (https://g.alicdn.com/kissy/k/1.4.13/??dom/base-min.js,event-min.js,event/dom/base-min.js,event/base-min.js,event/dom/touch-min.js,event/dom/focusin-min.js,event/custom-min.js,io-min.js,promise-min.js,base-min.js,attribute-min.js:204)
  success (https://g.alicdn.com/kissy/k/1.4.13/??dom/base-min.js,event-min.js,event/dom/base-min.js,event/base-min.js,event/dom/touch-min.js,event/dom/focusin-min.js,event/custom-min.js,io-min.js,promise-min.js,base-min.js,attribute-min.js:204)
  (anonymous function) (https://g.alicdn.com/??kissy/k/1.4.13/seed-min.js,hybrid/api/2.0.2/hybrid.min.js:71)
  each (https://g.alicdn.com/??kissy/k/1.4.13/seed-min.js,hybrid/api/2.0.2/hybrid.min.js:12)
  t (https://g.alicdn.com/??kissy/k/1.4.13/seed-min.js,hybrid/api/2.0.2/hybrid.min.js:71)
  c (https://g.alicdn.com/??kissy/k/1.4.13/seed-min.js,hybrid/api/2.0.2/hybrid.min.js:70)

  phantomjs://platform/console++.js:263 in error
[ERROR - 2017-11-03T08:30:07.621Z] RouterReqHand - _handle.error - {"name":"Missing Command Parameter","message":"{\"headers\":{\"Accept\":\"application/json\",\"Accept-Encoding\":\"identity\",\"Content-Length\":\"71\",\"Content-Type\":\"application/json;charset=UTF-8\",\"Host\":\"127.0.0.1:51784\",\"User-Agent\":\"Python http auth\",\"X-Lantern-Version\":\"4.2.1-beta2\"},\"httpVersion\":\"1.1\",\"method\":\"POST\",\"post\":\"{\\\"pageLoad\\\": 4000, \\\"sessionId\\\": \\\"dc9fa690-c070-11e7-a1a0-bd563380912f\\\"}\",\"url\":\"/timeouts\",\"urlParsed\":{\"anchor\":\"\",\"query\":\"\",\"file\":\"timeouts\",\"directory\":\"/\",\"path\":\"/timeouts\",\"relative\":\"/timeouts\",\"port\":\"\",\"host\":\"\",\"password\":\"\",\"user\":\"\",\"userInfo\":\"\",\"authority\":\"\",\"protocol\":\"\",\"source\":\"/timeouts\",\"queryKey\":{},\"chunks\":[\"timeouts\"]},\"urlOriginal\":\"/session/dc9fa690-c070-11e7-a1a0-bd563380912f/timeouts\"}","line":546,"sourceURL":"phantomjs://code/session_request_handler.js","stack":"_postTimeout@phantomjs://code/session_request_handler.js:546:73\n_handle@phantomjs://code/session_request_handler.js:148:25\n_reroute@phantomjs://code/request_handler.js:61:20\n_handle@phantomjs://code/router_request_handler.js:78:46"}

  phantomjs://platform/console++.js:263 in error
[ERROR - 2017-11-03T08:30:08.667Z] RouterReqHand - _handle.error - {"name":"Missing Command Parameter","message":"{\"headers\":{\"Accept\":\"application/json\",\"Accept-Encoding\":\"identity\",\"Content-Length\":\"72\",\"Content-Type\":\"application/json;charset=UTF-8\",\"Host\":\"127.0.0.1:51784\",\"User-Agent\":\"Python http auth\",\"X-Lantern-Version\":\"4.2.1-beta2\"},\"httpVersion\":\"1.1\",\"method\":\"POST\",\"post\":\"{\\\"pageLoad\\\": 12000, \\\"sessionId\\\": \\\"dc9fa690-c070-11e7-a1a0-bd563380912f\\\"}\",\"url\":\"/timeouts\",\"urlParsed\":{\"anchor\":\"\",\"query\":\"\",\"file\":\"timeouts\",\"directory\":\"/\",\"path\":\"/timeouts\",\"relative\":\"/timeouts\",\"port\":\"\",\"host\":\"\",\"password\":\"\",\"user\":\"\",\"userInfo\":\"\",\"authority\":\"\",\"protocol\":\"\",\"source\":\"/timeouts\",\"queryKey\":{},\"chunks\":[\"timeouts\"]},\"urlOriginal\":\"/session/dc9fa690-c070-11e7-a1a0-bd563380912f/timeouts\"}","line":546,"sourceURL":"phantomjs://code/session_request_handler.js","stack":"_postTimeout@phantomjs://code/session_request_handler.js:546:73\n_handle@phantomjs://code/session_request_handler.js:148:25\n_reroute@phantomjs://code/request_handler.js:61:20\n_handle@phantomjs://code/router_request_handler.js:78:46"}

  phantomjs://platform/console++.js:263 in error
[ERROR - 2017-11-03T08:30:09.152Z] Session [dc9fa690-c070-11e7-a1a0-bd563380912f] - page.onError - msg: TypeError: undefined is not an object (evaluating 'c[d]')

  phantomjs://platform/console++.js:263 in error
[ERROR - 2017-11-03T08:30:09.152Z] Session [dc9fa690-c070-11e7-a1a0-bd563380912f] - page.onError - stack:
  (anonymous function) (https://g.alicdn.com/??kissy/k/1.4.13/seed-min.js,hybrid/api/2.0.2/hybrid.min.js:40)
  each (https://g.alicdn.com/??kissy/k/1.4.13/seed-min.js,hybrid/api/2.0.2/hybrid.min.js:12)
  resolve (https://g.alicdn.com/??kissy/k/1.4.13/seed-min.js,hybrid/api/2.0.2/hybrid.min.js:39)
  i (https://g.alicdn.com/kissy/k/1.4.13/??dom/base-min.js,event-min.js,event/dom/base-min.js,event/base-min.js,event/dom/touch-min.js,event/dom/focusin-min.js,event/custom-min.js,io-min.js,promise-min.js,base-min.js,attribute-min.js:185)
  k (https://g.alicdn.com/kissy/k/1.4.13/??dom/base-min.js,event-min.js,event/dom/base-min.js,event/base-min.js,event/dom/touch-min.js,event/dom/focusin-min.js,event/custom-min.js,io-min.js,promise-min.js,base-min.js,attribute-min.js:186)
  k (https://g.alicdn.com/kissy/k/1.4.13/??dom/base-min.js,event-min.js,event/dom/base-min.js,event/base-min.js,event/dom/touch-min.js,event/dom/focusin-min.js,event/custom-min.js,io-min.js,promise-min.js,base-min.js,attribute-min.js:186)
  complete (https://g.alicdn.com/??tm/detail-m/3.2.97/seed.js,mui/datalazyload/3.1.14/index.js,tm/detail-m/3.2.97/desc.js:1)
  _ioReady (https://g.alicdn.com/kissy/k/1.4.13/??dom/base-min.js,event-min.js,event/dom/base-min.js,event/base-min.js,event/dom/touch-min.js,event/dom/focusin-min.js,event/custom-min.js,io-min.js,promise-min.js,base-min.js,attribute-min.js:217)
  _callback (https://g.alicdn.com/kissy/k/1.4.13/??dom/base-min.js,event-min.js,event/dom/base-min.js,event/base-min.js,event/dom/touch-min.js,event/dom/focusin-min.js,event/custom-min.js,io-min.js,promise-min.js,base-min.js,attribute-min.js:204)
  success (https://g.alicdn.com/kissy/k/1.4.13/??dom/base-min.js,event-min.js,event/dom/base-min.js,event/base-min.js,event/dom/touch-min.js,event/dom/focusin-min.js,event/custom-min.js,io-min.js,promise-min.js,base-min.js,attribute-min.js:204)
  (anonymous function) (https://g.alicdn.com/??kissy/k/1.4.13/seed-min.js,hybrid/api/2.0.2/hybrid.min.js:71)
  each (https://g.alicdn.com/??kissy/k/1.4.13/seed-min.js,hybrid/api/2.0.2/hybrid.min.js:12)
  t (https://g.alicdn.com/??kissy/k/1.4.13/seed-min.js,hybrid/api/2.0.2/hybrid.min.js:71)
  c (https://g.alicdn.com/??kissy/k/1.4.13/seed-min.js,hybrid/api/2.0.2/hybrid.min.js:70)

  phantomjs://platform/console++.js:263 in error
[ERROR - 2017-11-03T08:30:23.304Z] RouterReqHand - _handle.error - {"name":"Missing Command Parameter","message":"{\"headers\":{\"Accept\":\"application/json\",\"Accept-Encoding\":\"identity\",\"Content-Length\":\"71\",\"Content-Type\":\"application/json;charset=UTF-8\",\"Host\":\"127.0.0.1:51784\",\"User-Agent\":\"Python http auth\",\"X-Lantern-Version\":\"4.2.1-beta2\"},\"httpVersion\":\"1.1\",\"method\":\"POST\",\"post\":\"{\\\"pageLoad\\\": 4000, \\\"sessionId\\\": \\\"dc9fa690-c070-11e7-a1a0-bd563380912f\\\"}\",\"url\":\"/timeouts\",\"urlParsed\":{\"anchor\":\"\",\"query\":\"\",\"file\":\"timeouts\",\"directory\":\"/\",\"path\":\"/timeouts\",\"relative\":\"/timeouts\",\"port\":\"\",\"host\":\"\",\"password\":\"\",\"user\":\"\",\"userInfo\":\"\",\"authority\":\"\",\"protocol\":\"\",\"source\":\"/timeouts\",\"queryKey\":{},\"chunks\":[\"timeouts\"]},\"urlOriginal\":\"/session/dc9fa690-c070-11e7-a1a0-bd563380912f/timeouts\"}","line":546,"sourceURL":"phantomjs://code/session_request_handler.js","stack":"_postTimeout@phantomjs://code/session_request_handler.js:546:73\n_handle@phantomjs://code/session_request_handler.js:148:25\n_reroute@phantomjs://code/request_handler.js:61:20\n_handle@phantomjs://code/router_request_handler.js:78:46"}

  phantomjs://platform/console++.js:263 in error
[ERROR - 2017-11-03T08:30:23.950Z] RouterReqHand - _handle.error - {"name":"Missing Command Parameter","message":"{\"headers\":{\"Accept\":\"application/json\",\"Accept-Encoding\":\"identity\",\"Content-Length\":\"72\",\"Content-Type\":\"application/json;charset=UTF-8\",\"Host\":\"127.0.0.1:51784\",\"User-Agent\":\"Python http auth\",\"X-Lantern-Version\":\"4.2.1-beta2\"},\"httpVersion\":\"1.1\",\"method\":\"POST\",\"post\":\"{\\\"pageLoad\\\": 12000, \\\"sessionId\\\": \\\"dc9fa690-c070-11e7-a1a0-bd563380912f\\\"}\",\"url\":\"/timeouts\",\"urlParsed\":{\"anchor\":\"\",\"query\":\"\",\"file\":\"timeouts\",\"directory\":\"/\",\"path\":\"/timeouts\",\"relative\":\"/timeouts\",\"port\":\"\",\"host\":\"\",\"password\":\"\",\"user\":\"\",\"userInfo\":\"\",\"authority\":\"\",\"protocol\":\"\",\"source\":\"/timeouts\",\"queryKey\":{},\"chunks\":[\"timeouts\"]},\"urlOriginal\":\"/session/dc9fa690-c070-11e7-a1a0-bd563380912f/timeouts\"}","line":546,"sourceURL":"phantomjs://code/session_request_handler.js","stack":"_postTimeout@phantomjs://code/session_request_handler.js:546:73\n_handle@phantomjs://code/session_request_handler.js:148:25\n_reroute@phantomjs://code/request_handler.js:61:20\n_handle@phantomjs://code/router_request_handler.js:78:46"}

  phantomjs://platform/console++.js:263 in error
[ERROR - 2017-11-03T08:30:24.430Z] Session [dc9fa690-c070-11e7-a1a0-bd563380912f] - page.onError - msg: TypeError: undefined is not an object (evaluating 'c[d]')

  phantomjs://platform/console++.js:263 in error
[ERROR - 2017-11-03T08:30:24.430Z] Session [dc9fa690-c070-11e7-a1a0-bd563380912f] - page.onError - stack:
  (anonymous function) (https://g.alicdn.com/??kissy/k/1.4.13/seed-min.js,hybrid/api/2.0.2/hybrid.min.js:40)
  each (https://g.alicdn.com/??kissy/k/1.4.13/seed-min.js,hybrid/api/2.0.2/hybrid.min.js:12)
  resolve (https://g.alicdn.com/??kissy/k/1.4.13/seed-min.js,hybrid/api/2.0.2/hybrid.min.js:39)
  i (https://g.alicdn.com/kissy/k/1.4.13/??dom/base-min.js,event-min.js,event/dom/base-min.js,event/base-min.js,event/dom/touch-min.js,event/dom/focusin-min.js,event/custom-min.js,io-min.js,promise-min.js,base-min.js,attribute-min.js:185)
  k (https://g.alicdn.com/kissy/k/1.4.13/??dom/base-min.js,event-min.js,event/dom/base-min.js,event/base-min.js,event/dom/touch-min.js,event/dom/focusin-min.js,event/custom-min.js,io-min.js,promise-min.js,base-min.js,attribute-min.js:186)
  k (https://g.alicdn.com/kissy/k/1.4.13/??dom/base-min.js,event-min.js,event/dom/base-min.js,event/base-min.js,event/dom/touch-min.js,event/dom/focusin-min.js,event/custom-min.js,io-min.js,promise-min.js,base-min.js,attribute-min.js:186)
  complete (https://g.alicdn.com/??tm/detail-m/3.2.97/seed.js,mui/datalazyload/3.1.14/index.js,tm/detail-m/3.2.97/desc.js:1)
  _ioReady (https://g.alicdn.com/kissy/k/1.4.13/??dom/base-min.js,event-min.js,event/dom/base-min.js,event/base-min.js,event/dom/touch-min.js,event/dom/focusin-min.js,event/custom-min.js,io-min.js,promise-min.js,base-min.js,attribute-min.js:217)
  _callback (https://g.alicdn.com/kissy/k/1.4.13/??dom/base-min.js,event-min.js,event/dom/base-min.js,event/base-min.js,event/dom/touch-min.js,event/dom/focusin-min.js,event/custom-min.js,io-min.js,promise-min.js,base-min.js,attribute-min.js:204)
  success (https://g.alicdn.com/kissy/k/1.4.13/??dom/base-min.js,event-min.js,event/dom/base-min.js,event/base-min.js,event/dom/touch-min.js,event/dom/focusin-min.js,event/custom-min.js,io-min.js,promise-min.js,base-min.js,attribute-min.js:204)
  (anonymous function) (https://g.alicdn.com/??kissy/k/1.4.13/seed-min.js,hybrid/api/2.0.2/hybrid.min.js:71)
  each (https://g.alicdn.com/??kissy/k/1.4.13/seed-min.js,hybrid/api/2.0.2/hybrid.min.js:12)
  t (https://g.alicdn.com/??kissy/k/1.4.13/seed-min.js,hybrid/api/2.0.2/hybrid.min.js:71)
  c (https://g.alicdn.com/??kissy/k/1.4.13/seed-min.js,hybrid/api/2.0.2/hybrid.min.js:70)

  phantomjs://platform/console++.js:263 in error
[ERROR - 2017-11-03T08:30:46.845Z] RouterReqHand - _handle.error - {"name":"Missing Command Parameter","message":"{\"headers\":{\"Accept\":\"application/json\",\"Accept-Encoding\":\"identity\",\"Content-Length\":\"71\",\"Content-Type\":\"application/json;charset=UTF-8\",\"Host\":\"127.0.0.1:51784\",\"User-Agent\":\"Python http auth\",\"X-Lantern-Version\":\"4.2.1-beta2\"},\"httpVersion\":\"1.1\",\"method\":\"POST\",\"post\":\"{\\\"pageLoad\\\": 4000, \\\"sessionId\\\": \\\"dc9fa690-c070-11e7-a1a0-bd563380912f\\\"}\",\"url\":\"/timeouts\",\"urlParsed\":{\"anchor\":\"\",\"query\":\"\",\"file\":\"timeouts\",\"directory\":\"/\",\"path\":\"/timeouts\",\"relative\":\"/timeouts\",\"port\":\"\",\"host\":\"\",\"password\":\"\",\"user\":\"\",\"userInfo\":\"\",\"authority\":\"\",\"protocol\":\"\",\"source\":\"/timeouts\",\"queryKey\":{},\"chunks\":[\"timeouts\"]},\"urlOriginal\":\"/session/dc9fa690-c070-11e7-a1a0-bd563380912f/timeouts\"}","line":546,"sourceURL":"phantomjs://code/session_request_handler.js","stack":"_postTimeout@phantomjs://code/session_request_handler.js:546:73\n_handle@phantomjs://code/session_request_handler.js:148:25\n_reroute@phantomjs://code/request_handler.js:61:20\n_handle@phantomjs://code/router_request_handler.js:78:46"}

  phantomjs://platform/console++.js:263 in error
[ERROR - 2017-11-03T08:30:47.550Z] RouterReqHand - _handle.error - {"name":"Missing Command Parameter","message":"{\"headers\":{\"Accept\":\"application/json\",\"Accept-Encoding\":\"identity\",\"Content-Length\":\"72\",\"Content-Type\":\"application/json;charset=UTF-8\",\"Host\":\"127.0.0.1:51784\",\"User-Agent\":\"Python http auth\",\"X-Lantern-Version\":\"4.2.1-beta2\"},\"httpVersion\":\"1.1\",\"method\":\"POST\",\"post\":\"{\\\"pageLoad\\\": 12000, \\\"sessionId\\\": \\\"dc9fa690-c070-11e7-a1a0-bd563380912f\\\"}\",\"url\":\"/timeouts\",\"urlParsed\":{\"anchor\":\"\",\"query\":\"\",\"file\":\"timeouts\",\"directory\":\"/\",\"path\":\"/timeouts\",\"relative\":\"/timeouts\",\"port\":\"\",\"host\":\"\",\"password\":\"\",\"user\":\"\",\"userInfo\":\"\",\"authority\":\"\",\"protocol\":\"\",\"source\":\"/timeouts\",\"queryKey\":{},\"chunks\":[\"timeouts\"]},\"urlOriginal\":\"/session/dc9fa690-c070-11e7-a1a0-bd563380912f/timeouts\"}","line":546,"sourceURL":"phantomjs://code/session_request_handler.js","stack":"_postTimeout@phantomjs://code/session_request_handler.js:546:73\n_handle@phantomjs://code/session_request_handler.js:148:25\n_reroute@phantomjs://code/request_handler.js:61:20\n_handle@phantomjs://code/router_request_handler.js:78:46"}

  phantomjs://platform/console++.js:263 in error
[ERROR - 2017-11-03T08:30:47.878Z] Session [dc9fa690-c070-11e7-a1a0-bd563380912f] - page.onError - msg: TypeError: undefined is not an object (evaluating 'c[d]')

  phantomjs://platform/console++.js:263 in error
[ERROR - 2017-11-03T08:30:47.880Z] Session [dc9fa690-c070-11e7-a1a0-bd563380912f] - page.onError - stack:
  (anonymous function) (https://g.alicdn.com/??kissy/k/1.4.13/seed-min.js,hybrid/api/2.0.2/hybrid.min.js:40)
  each (https://g.alicdn.com/??kissy/k/1.4.13/seed-min.js,hybrid/api/2.0.2/hybrid.min.js:12)
  resolve (https://g.alicdn.com/??kissy/k/1.4.13/seed-min.js,hybrid/api/2.0.2/hybrid.min.js:39)
  i (https://g.alicdn.com/kissy/k/1.4.13/??dom/base-min.js,event-min.js,event/dom/base-min.js,event/base-min.js,event/dom/touch-min.js,event/dom/focusin-min.js,event/custom-min.js,io-min.js,promise-min.js,base-min.js,attribute-min.js:185)
  k (https://g.alicdn.com/kissy/k/1.4.13/??dom/base-min.js,event-min.js,event/dom/base-min.js,event/base-min.js,event/dom/touch-min.js,event/dom/focusin-min.js,event/custom-min.js,io-min.js,promise-min.js,base-min.js,attribute-min.js:186)
  k (https://g.alicdn.com/kissy/k/1.4.13/??dom/base-min.js,event-min.js,event/dom/base-min.js,event/base-min.js,event/dom/touch-min.js,event/dom/focusin-min.js,event/custom-min.js,io-min.js,promise-min.js,base-min.js,attribute-min.js:186)
  complete (https://g.alicdn.com/??tm/detail-m/3.2.97/seed.js,mui/datalazyload/3.1.14/index.js,tm/detail-m/3.2.97/desc.js:1)
  _ioReady (https://g.alicdn.com/kissy/k/1.4.13/??dom/base-min.js,event-min.js,event/dom/base-min.js,event/base-min.js,event/dom/touch-min.js,event/dom/focusin-min.js,event/custom-min.js,io-min.js,promise-min.js,base-min.js,attribute-min.js:217)
  _callback (https://g.alicdn.com/kissy/k/1.4.13/??dom/base-min.js,event-min.js,event/dom/base-min.js,event/base-min.js,event/dom/touch-min.js,event/dom/focusin-min.js,event/custom-min.js,io-min.js,promise-min.js,base-min.js,attribute-min.js:204)
  success (https://g.alicdn.com/kissy/k/1.4.13/??dom/base-min.js,event-min.js,event/dom/base-min.js,event/base-min.js,event/dom/touch-min.js,event/dom/focusin-min.js,event/custom-min.js,io-min.js,promise-min.js,base-min.js,attribute-min.js:204)
  (anonymous function) (https://g.alicdn.com/??kissy/k/1.4.13/seed-min.js,hybrid/api/2.0.2/hybrid.min.js:71)
  each (https://g.alicdn.com/??kissy/k/1.4.13/seed-min.js,hybrid/api/2.0.2/hybrid.min.js:12)
  t (https://g.alicdn.com/??kissy/k/1.4.13/seed-min.js,hybrid/api/2.0.2/hybrid.min.js:71)
  c (https://g.alicdn.com/??kissy/k/1.4.13/seed-min.js,hybrid/api/2.0.2/hybrid.min.js:70)

  phantomjs://platform/console++.js:263 in error
[ERROR - 2017-11-03T08:31:28.278Z] RouterReqHand - _handle.error - {"name":"Missing Command Parameter","message":"{\"headers\":{\"Accept\":\"application/json\",\"Accept-Encoding\":\"identity\",\"Content-Length\":\"71\",\"Content-Type\":\"application/json;charset=UTF-8\",\"Host\":\"127.0.0.1:51784\",\"User-Agent\":\"Python http auth\",\"X-Lantern-Version\":\"4.2.1-beta2\"},\"httpVersion\":\"1.1\",\"method\":\"POST\",\"post\":\"{\\\"pageLoad\\\": 4000, \\\"sessionId\\\": \\\"dc9fa690-c070-11e7-a1a0-bd563380912f\\\"}\",\"url\":\"/timeouts\",\"urlParsed\":{\"anchor\":\"\",\"query\":\"\",\"file\":\"timeouts\",\"directory\":\"/\",\"path\":\"/timeouts\",\"relative\":\"/timeouts\",\"port\":\"\",\"host\":\"\",\"password\":\"\",\"user\":\"\",\"userInfo\":\"\",\"authority\":\"\",\"protocol\":\"\",\"source\":\"/timeouts\",\"queryKey\":{},\"chunks\":[\"timeouts\"]},\"urlOriginal\":\"/session/dc9fa690-c070-11e7-a1a0-bd563380912f/timeouts\"}","line":546,"sourceURL":"phantomjs://code/session_request_handler.js","stack":"_postTimeout@phantomjs://code/session_request_handler.js:546:73\n_handle@phantomjs://code/session_request_handler.js:148:25\n_reroute@phantomjs://code/request_handler.js:61:20\n_handle@phantomjs://code/router_request_handler.js:78:46"}

  phantomjs://platform/console++.js:263 in error
[ERROR - 2017-11-03T08:31:30.702Z] RouterReqHand - _handle.error - {"name":"Missing Command Parameter","message":"{\"headers\":{\"Accept\":\"application/json\",\"Accept-Encoding\":\"identity\",\"Content-Length\":\"72\",\"Content-Type\":\"application/json;charset=UTF-8\",\"Host\":\"127.0.0.1:51784\",\"User-Agent\":\"Python http auth\",\"X-Lantern-Version\":\"4.2.1-beta2\"},\"httpVersion\":\"1.1\",\"method\":\"POST\",\"post\":\"{\\\"pageLoad\\\": 12000, \\\"sessionId\\\": \\\"dc9fa690-c070-11e7-a1a0-bd563380912f\\\"}\",\"url\":\"/timeouts\",\"urlParsed\":{\"anchor\":\"\",\"query\":\"\",\"file\":\"timeouts\",\"directory\":\"/\",\"path\":\"/timeouts\",\"relative\":\"/timeouts\",\"port\":\"\",\"host\":\"\",\"password\":\"\",\"user\":\"\",\"userInfo\":\"\",\"authority\":\"\",\"protocol\":\"\",\"source\":\"/timeouts\",\"queryKey\":{},\"chunks\":[\"timeouts\"]},\"urlOriginal\":\"/session/dc9fa690-c070-11e7-a1a0-bd563380912f/timeouts\"}","line":546,"sourceURL":"phantomjs://code/session_request_handler.js","stack":"_postTimeout@phantomjs://code/session_request_handler.js:546:73\n_handle@phantomjs://code/session_request_handler.js:148:25\n_reroute@phantomjs://code/request_handler.js:61:20\n_handle@phantomjs://code/router_request_handler.js:78:46"}

  phantomjs://platform/console++.js:263 in error
[ERROR - 2017-11-03T08:31:31.350Z] Session [dc9fa690-c070-11e7-a1a0-bd563380912f] - page.onError - msg: TypeError: undefined is not an object (evaluating 'c[d]')

  phantomjs://platform/console++.js:263 in error
[ERROR - 2017-11-03T08:31:31.350Z] Session [dc9fa690-c070-11e7-a1a0-bd563380912f] - page.onError - stack:
  (anonymous function) (https://g.alicdn.com/??kissy/k/1.4.13/seed-min.js,hybrid/api/2.0.2/hybrid.min.js:40)
  each (https://g.alicdn.com/??kissy/k/1.4.13/seed-min.js,hybrid/api/2.0.2/hybrid.min.js:12)
  resolve (https://g.alicdn.com/??kissy/k/1.4.13/seed-min.js,hybrid/api/2.0.2/hybrid.min.js:39)
  i (https://g.alicdn.com/kissy/k/1.4.13/??dom/base-min.js,event-min.js,event/dom/base-min.js,event/base-min.js,event/dom/touch-min.js,event/dom/focusin-min.js,event/custom-min.js,io-min.js,promise-min.js,base-min.js,attribute-min.js:185)
  k (https://g.alicdn.com/kissy/k/1.4.13/??dom/base-min.js,event-min.js,event/dom/base-min.js,event/base-min.js,event/dom/touch-min.js,event/dom/focusin-min.js,event/custom-min.js,io-min.js,promise-min.js,base-min.js,attribute-min.js:186)
  k (https://g.alicdn.com/kissy/k/1.4.13/??dom/base-min.js,event-min.js,event/dom/base-min.js,event/base-min.js,event/dom/touch-min.js,event/dom/focusin-min.js,event/custom-min.js,io-min.js,promise-min.js,base-min.js,attribute-min.js:186)
  complete (https://g.alicdn.com/??tm/detail-m/3.2.97/seed.js,mui/datalazyload/3.1.14/index.js,tm/detail-m/3.2.97/desc.js:1)
  _ioReady (https://g.alicdn.com/kissy/k/1.4.13/??dom/base-min.js,event-min.js,event/dom/base-min.js,event/base-min.js,event/dom/touch-min.js,event/dom/focusin-min.js,event/custom-min.js,io-min.js,promise-min.js,base-min.js,attribute-min.js:217)
  _callback (https://g.alicdn.com/kissy/k/1.4.13/??dom/base-min.js,event-min.js,event/dom/base-min.js,event/base-min.js,event/dom/touch-min.js,event/dom/focusin-min.js,event/custom-min.js,io-min.js,promise-min.js,base-min.js,attribute-min.js:204)
  success (https://g.alicdn.com/kissy/k/1.4.13/??dom/base-min.js,event-min.js,event/dom/base-min.js,event/base-min.js,event/dom/touch-min.js,event/dom/focusin-min.js,event/custom-min.js,io-min.js,promise-min.js,base-min.js,attribute-min.js:204)
  (anonymous function) (https://g.alicdn.com/??kissy/k/1.4.13/seed-min.js,hybrid/api/2.0.2/hybrid.min.js:71)
  each (https://g.alicdn.com/??kissy/k/1.4.13/seed-min.js,hybrid/api/2.0.2/hybrid.min.js:12)
  t (https://g.alicdn.com/??kissy/k/1.4.13/seed-min.js,hybrid/api/2.0.2/hybrid.min.js:71)
  c (https://g.alicdn.com/??kissy/k/1.4.13/seed-min.js,hybrid/api/2.0.2/hybrid.min.js:70)

  phantomjs://platform/console++.js:263 in error
[INFO  - 2017-11-03T08:32:42.810Z] SessionManagerReqHand - _cleanupWindowlessSessions - Asynchronous Sessions clean-up phase starting NOW
[INFO  - 2017-11-03T08:37:42.810Z] SessionManagerReqHand - _cleanupWindowlessSessions - Asynchronous Sessions clean-up phase starting NOW
[INFO  - 2017-11-03T08:42:42.811Z] SessionManagerReqHand - _cleanupWindowlessSessions - Asynchronous Sessions clean-up phase starting NOW
