[INFO  - 2017-12-03T07:35:28.072Z] GhostDriver - Main - running on port 61281
[INFO  - 2017-12-03T07:35:28.672Z] Session [88e6ffa0-d7fc-11e7-b77a-679a713bdbd7] - page.settings - {"XSSAuditingEnabled":false,"javascriptCanCloseWindows":true,"javascriptCanOpenWindows":true,"javascriptEnabled":true,"loadImages":false,"localToRemoteUrlAccessEnabled":false,"userAgent":"Mozilla/5.0 (Macintosh; Intel Mac OS X) AppleWebKit/538.1 (KHTML, like Gecko) PhantomJS/2.1.1 Safari/538.1","webSecurityEnabled":true}
[INFO  - 2017-12-03T07:35:28.672Z] Session [88e6ffa0-d7fc-11e7-b77a-679a713bdbd7] - page.customHeaders:  - {}
[INFO  - 2017-12-03T07:35:28.672Z] Session [88e6ffa0-d7fc-11e7-b77a-679a713bdbd7] - Session.negotiatedCapabilities - {"browserName":"phantomjs","version":"2.1.1","driverName":"ghostdriver","driverVersion":"1.2.0","platform":"mac-unknown-64bit","javascriptEnabled":true,"takesScreenshot":true,"handlesAlerts":false,"databaseEnabled":false,"locationContextEnabled":false,"applicationCacheEnabled":false,"browserConnectionEnabled":false,"cssSelectorsEnabled":true,"webStorageEnabled":false,"rotatable":false,"acceptSslCerts":false,"nativeEvents":true,"proxy":{"proxyType":"direct"},"phantomjs.page.settings.resourceTimeout":1000,"phantomjs.page.settings.loadImages":false,"phantomjs.page.settings.disk-cache":true}
[INFO  - 2017-12-03T07:35:28.672Z] SessionManagerReqHand - _postNewSessionCommand - New Session Created: 88e6ffa0-d7fc-11e7-b77a-679a713bdbd7
[ERROR - 2017-12-03T07:35:32.582Z] RouterReqHand - _handle.error - {"name":"Missing Command Parameter","message":"{\"headers\":{\"Accept\":\"application/json\",\"Accept-Encoding\":\"identity\",\"Content-Length\":\"72\",\"Content-Type\":\"application/json;charset=UTF-8\",\"Host\":\"127.0.0.1:61281\",\"User-Agent\":\"Python http auth\",\"X-Lantern-Version\":\"4.2.1-beta2\"},\"httpVersion\":\"1.1\",\"method\":\"POST\",\"post\":\"{\\\"pageLoad\\\": 10000, \\\"sessionId\\\": \\\"88e6ffa0-d7fc-11e7-b77a-679a713bdbd7\\\"}\",\"url\":\"/timeouts\",\"urlParsed\":{\"anchor\":\"\",\"query\":\"\",\"file\":\"timeouts\",\"directory\":\"/\",\"path\":\"/timeouts\",\"relative\":\"/timeouts\",\"port\":\"\",\"host\":\"\",\"password\":\"\",\"user\":\"\",\"userInfo\":\"\",\"authority\":\"\",\"protocol\":\"\",\"source\":\"/timeouts\",\"queryKey\":{},\"chunks\":[\"timeouts\"]},\"urlOriginal\":\"/session/88e6ffa0-d7fc-11e7-b77a-679a713bdbd7/timeouts\"}","line":546,"sourceURL":"phantomjs://code/session_request_handler.js","stack":"_postTimeout@phantomjs://code/session_request_handler.js:546:73\n_handle@phantomjs://code/session_request_handler.js:148:25\n_reroute@phantomjs://code/request_handler.js:61:20\n_handle@phantomjs://code/router_request_handler.js:78:46"}

  phantomjs://platform/console++.js:263 in error
[ERROR - 2017-12-03T07:35:42.760Z] RouterReqHand - _handle.error - {"name":"Missing Command Parameter","message":"{\"headers\":{\"Accept\":\"application/json\",\"Accept-Encoding\":\"identity\",\"Content-Length\":\"72\",\"Content-Type\":\"application/json;charset=UTF-8\",\"Host\":\"127.0.0.1:61281\",\"User-Agent\":\"Python http auth\",\"X-Lantern-Version\":\"4.2.1-beta2\"},\"httpVersion\":\"1.1\",\"method\":\"POST\",\"post\":\"{\\\"pageLoad\\\": 10000, \\\"sessionId\\\": \\\"88e6ffa0-d7fc-11e7-b77a-679a713bdbd7\\\"}\",\"url\":\"/timeouts\",\"urlParsed\":{\"anchor\":\"\",\"query\":\"\",\"file\":\"timeouts\",\"directory\":\"/\",\"path\":\"/timeouts\",\"relative\":\"/timeouts\",\"port\":\"\",\"host\":\"\",\"password\":\"\",\"user\":\"\",\"userInfo\":\"\",\"authority\":\"\",\"protocol\":\"\",\"source\":\"/timeouts\",\"queryKey\":{},\"chunks\":[\"timeouts\"]},\"urlOriginal\":\"/session/88e6ffa0-d7fc-11e7-b77a-679a713bdbd7/timeouts\"}","line":546,"sourceURL":"phantomjs://code/session_request_handler.js","stack":"_postTimeout@phantomjs://code/session_request_handler.js:546:73\n_handle@phantomjs://code/session_request_handler.js:148:25\n_reroute@phantomjs://code/request_handler.js:61:20\n_handle@phantomjs://code/router_request_handler.js:78:46"}

  phantomjs://platform/console++.js:263 in error
[ERROR - 2017-12-03T07:35:47.512Z] Session [88e6ffa0-d7fc-11e7-b77a-679a713bdbd7] - page.onError - msg: ReferenceError: Can't find variable: showIvyViaJs

  phantomjs://platform/console++.js:263 in error
[ERROR - 2017-12-03T07:35:47.512Z] Session [88e6ffa0-d7fc-11e7-b77a-679a713bdbd7] - page.onError - stack:
  ivyLoadReal (http://life.pcbaby.com.cn/390/3901424.html:538)

  phantomjs://platform/console++.js:263 in error
[ERROR - 2017-12-03T07:35:47.513Z] Session [88e6ffa0-d7fc-11e7-b77a-679a713bdbd7] - page.onError - msg: ReferenceError: Can't find variable: showIvyViaJs

  phantomjs://platform/console++.js:263 in error
[ERROR - 2017-12-03T07:35:47.513Z] Session [88e6ffa0-d7fc-11e7-b77a-679a713bdbd7] - page.onError - stack:
  ivyLoadReal (http://life.pcbaby.com.cn/390/3901424.html:538)

  phantomjs://platform/console++.js:263 in error
[ERROR - 2017-12-03T07:35:47.513Z] Session [88e6ffa0-d7fc-11e7-b77a-679a713bdbd7] - page.onError - msg: ReferenceError: Can't find variable: showIvyViaJs

  phantomjs://platform/console++.js:263 in error
[ERROR - 2017-12-03T07:35:47.514Z] Session [88e6ffa0-d7fc-11e7-b77a-679a713bdbd7] - page.onError - stack:
  ivyLoadReal (http://life.pcbaby.com.cn/390/3901424.html:538)

  phantomjs://platform/console++.js:263 in error
[ERROR - 2017-12-03T07:35:47.514Z] Session [88e6ffa0-d7fc-11e7-b77a-679a713bdbd7] - page.onError - msg: ReferenceError: Can't find variable: showIvyViaJs

  phantomjs://platform/console++.js:263 in error
[ERROR - 2017-12-03T07:35:47.514Z] Session [88e6ffa0-d7fc-11e7-b77a-679a713bdbd7] - page.onError - stack:
  ivyLoadReal (http://life.pcbaby.com.cn/390/3901424.html:538)

  phantomjs://platform/console++.js:263 in error
[ERROR - 2017-12-03T07:35:47.514Z] Session [88e6ffa0-d7fc-11e7-b77a-679a713bdbd7] - page.onError - msg: ReferenceError: Can't find variable: showIvyViaJs

  phantomjs://platform/console++.js:263 in error
[ERROR - 2017-12-03T07:35:47.514Z] Session [88e6ffa0-d7fc-11e7-b77a-679a713bdbd7] - page.onError - stack:
  ivyLoadReal (http://life.pcbaby.com.cn/390/3901424.html:538)

  phantomjs://platform/console++.js:263 in error
[ERROR - 2017-12-03T07:35:47.514Z] Session [88e6ffa0-d7fc-11e7-b77a-679a713bdbd7] - page.onError - msg: ReferenceError: Can't find variable: showIvyViaJs

  phantomjs://platform/console++.js:263 in error
[ERROR - 2017-12-03T07:35:47.514Z] Session [88e6ffa0-d7fc-11e7-b77a-679a713bdbd7] - page.onError - stack:
  ivyLoadReal (http://life.pcbaby.com.cn/390/3901424.html:538)

  phantomjs://platform/console++.js:263 in error
[ERROR - 2017-12-03T07:35:47.515Z] Session [88e6ffa0-d7fc-11e7-b77a-679a713bdbd7] - page.onError - msg: ReferenceError: Can't find variable: showIvyViaJs

  phantomjs://platform/console++.js:263 in error
[ERROR - 2017-12-03T07:35:47.515Z] Session [88e6ffa0-d7fc-11e7-b77a-679a713bdbd7] - page.onError - stack:
  ivyLoadReal (http://life.pcbaby.com.cn/390/3901424.html:538)

  phantomjs://platform/console++.js:263 in error
