[INFO  - 2018-06-30T06:11:51.654Z] GhostDriver - Main - running on port 58459
[INFO  - 2018-06-30T06:11:52.605Z] Session [7b6d0e30-7c2c-11e8-a6b5-f3036121ee5f] - page.settings - {"XSSAuditingEnabled":false,"javascriptCanCloseWindows":true,"javascriptCanOpenWindows":true,"javascriptEnabled":true,"loadImages":false,"localToRemoteUrlAccessEnabled":false,"userAgent":"Mozilla/5.0 (Windows NT 6.1; WOW64) AppleWebKit/536.6 (KHTML, like Gecko) Chrome/20.0.1092.0 Safari/536.6","webSecurityEnabled":true}
[INFO  - 2018-06-30T06:11:52.605Z] Session [7b6d0e30-7c2c-11e8-a6b5-f3036121ee5f] - page.customHeaders:  - {}
[INFO  - 2018-06-30T06:11:52.605Z] Session [7b6d0e30-7c2c-11e8-a6b5-f3036121ee5f] - Session.negotiatedCapabilities - {"browserName":"phantomjs","version":"2.1.1","driverName":"ghostdriver","driverVersion":"1.2.0","platform":"mac-unknown-64bit","javascriptEnabled":true,"takesScreenshot":true,"handlesAlerts":false,"databaseEnabled":false,"locationContextEnabled":false,"applicationCacheEnabled":false,"browserConnectionEnabled":false,"cssSelectorsEnabled":true,"webStorageEnabled":false,"rotatable":false,"acceptSslCerts":false,"nativeEvents":true,"proxy":{"proxyType":"direct"},"phantomjs.page.settings.resourceTimeout":1000,"phantomjs.page.settings.loadImages":false,"phantomjs.page.settings.disk-cache":true,"phantomjs.page.settings.userAgent":"Mozilla/5.0 (Windows NT 6.1; WOW64) AppleWebKit/536.6 (KHTML, like Gecko) Chrome/20.0.1092.0 Safari/536.6"}
[INFO  - 2018-06-30T06:11:52.605Z] SessionManagerReqHand - _postNewSessionCommand - New Session Created: 7b6d0e30-7c2c-11e8-a6b5-f3036121ee5f
[ERROR - 2018-06-30T06:12:37.899Z] Session [7b6d0e30-7c2c-11e8-a6b5-f3036121ee5f] - page.onError - msg: Syntax error, unrecognized expression: &nbsp;

  phantomjs://platform/console++.js:263 in error
[ERROR - 2018-06-30T06:12:37.899Z] Session [7b6d0e30-7c2c-11e8-a6b5-f3036121ee5f] - page.onError - stack:
  querySelectorAll (:0)
  k (https://misc.360buyimg.com/??jdf/lib/jquery-1.6.4.js,jdf/1.0.0/unit/base/1.0.0/base.js,jdf/1.0.0/ui/ui/1.0.0/ui.js:3)
  find (https://misc.360buyimg.com/??jdf/lib/jquery-1.6.4.js,jdf/1.0.0/unit/base/1.0.0/base.js,jdf/1.0.0/ui/ui/1.0.0/ui.js:3)
  init (https://misc.360buyimg.com/??jdf/lib/jquery-1.6.4.js,jdf/1.0.0/unit/base/1.0.0/base.js,jdf/1.0.0/ui/ui/1.0.0/ui.js:2)
  e (https://misc.360buyimg.com/??jdf/lib/jquery-1.6.4.js,jdf/1.0.0/unit/base/1.0.0/base.js,jdf/1.0.0/ui/ui/1.0.0/ui.js:2)
  success (https://static.360buyimg.com/item/unite/1.0.50/components/default/??common/common.js,address/address.js,prom/prom.js,colorsize/colorsize.js,buytype/buytype.js,baitiao/baitiao.js,summary/summary.js,o2o/o2o.js,buybtn/buybtn.js,track/track.js,suits/suits.js,crumb/crumb.js,fittings/fittings.js,detail/detail.js,contact/contact.js,popbox/popbox.js,preview/preview.js,info/info.js,imcenter/imcenter.js,jdservice/jdservice.js,jdservicePlus/jdservicePlus.js,jdserviceF/jdserviceF.js,commitments/commitments.js,gift/gift.js,popupCar/popupCar.js,lazyinit/lazyinit.js:43)
  resolveWith (https://misc.360buyimg.com/??jdf/lib/jquery-1.6.4.js,jdf/1.0.0/unit/base/1.0.0/base.js,jdf/1.0.0/ui/ui/1.0.0/ui.js:2)
  w (https://misc.360buyimg.com/??jdf/lib/jquery-1.6.4.js,jdf/1.0.0/unit/base/1.0.0/base.js,jdf/1.0.0/ui/ui/1.0.0/ui.js:4)
  onreadystatechange (https://misc.360buyimg.com/??jdf/lib/jquery-1.6.4.js,jdf/1.0.0/unit/base/1.0.0/base.js,jdf/1.0.0/ui/ui/1.0.0/ui.js:4)

  phantomjs://platform/console++.js:263 in error
[ERROR - 2018-06-30T06:12:40.618Z] Session [7b6d0e30-7c2c-11e8-a6b5-f3036121ee5f] - page.onError - msg: TypeError: null is not an object (evaluating 'require("TB_ROOT/js/localStorageObj.js").localStorage')

  phantomjs://platform/console++.js:263 in error
[ERROR - 2018-06-30T06:12:40.619Z] Session [7b6d0e30-7c2c-11e8-a6b5-f3036121ee5f] - page.onError - stack:
  (anonymous function) (https://static.360buyimg.com/devfe/toolbar/1.0.0/js/main.js:2)
  exec (https://misc.360buyimg.com/??jdf/lib/jquery-1.6.4.js,jdf/1.0.0/unit/base/1.0.0/base.js,jdf/1.0.0/ui/ui/1.0.0/ui.js:6)
  callback (https://misc.360buyimg.com/??jdf/lib/jquery-1.6.4.js,jdf/1.0.0/unit/base/1.0.0/base.js,jdf/1.0.0/ui/ui/1.0.0/ui.js:6)
  onload (https://misc.360buyimg.com/??jdf/lib/jquery-1.6.4.js,jdf/1.0.0/unit/base/1.0.0/base.js,jdf/1.0.0/ui/ui/1.0.0/ui.js:6)
  onload (https://misc.360buyimg.com/??jdf/lib/jquery-1.6.4.js,jdf/1.0.0/unit/base/1.0.0/base.js,jdf/1.0.0/ui/ui/1.0.0/ui.js:6)
  onload (https://misc.360buyimg.com/??jdf/lib/jquery-1.6.4.js,jdf/1.0.0/unit/base/1.0.0/base.js,jdf/1.0.0/ui/ui/1.0.0/ui.js:6)
  load (https://misc.360buyimg.com/??jdf/lib/jquery-1.6.4.js,jdf/1.0.0/unit/base/1.0.0/base.js,jdf/1.0.0/ui/ui/1.0.0/ui.js:6)
  d (https://misc.360buyimg.com/??jdf/lib/jquery-1.6.4.js,jdf/1.0.0/unit/base/1.0.0/base.js,jdf/1.0.0/ui/ui/1.0.0/ui.js:6)
  f (https://misc.360buyimg.com/??jdf/lib/jquery-1.6.4.js,jdf/1.0.0/unit/base/1.0.0/base.js,jdf/1.0.0/ui/ui/1.0.0/ui.js:6)
  onerror (https://misc.360buyimg.com/??jdf/lib/jquery-1.6.4.js,jdf/1.0.0/unit/base/1.0.0/base.js,jdf/1.0.0/ui/ui/1.0.0/ui.js:6)

  phantomjs://platform/console++.js:263 in error
[ERROR - 2018-06-30T06:13:11.324Z] Session [7b6d0e30-7c2c-11e8-a6b5-f3036121ee5f] - page.onError - msg: Syntax error, unrecognized expression: &nbsp;

  phantomjs://platform/console++.js:263 in error
[ERROR - 2018-06-30T06:13:11.326Z] Session [7b6d0e30-7c2c-11e8-a6b5-f3036121ee5f] - page.onError - stack:
  querySelectorAll (:0)
  k (https://misc.360buyimg.com/??jdf/lib/jquery-1.6.4.js,jdf/1.0.0/unit/base/1.0.0/base.js,jdf/1.0.0/ui/ui/1.0.0/ui.js:3)
  find (https://misc.360buyimg.com/??jdf/lib/jquery-1.6.4.js,jdf/1.0.0/unit/base/1.0.0/base.js,jdf/1.0.0/ui/ui/1.0.0/ui.js:3)
  init (https://misc.360buyimg.com/??jdf/lib/jquery-1.6.4.js,jdf/1.0.0/unit/base/1.0.0/base.js,jdf/1.0.0/ui/ui/1.0.0/ui.js:2)
  e (https://misc.360buyimg.com/??jdf/lib/jquery-1.6.4.js,jdf/1.0.0/unit/base/1.0.0/base.js,jdf/1.0.0/ui/ui/1.0.0/ui.js:2)
  success (https://static.360buyimg.com/item/unite/1.0.50/components/default/??common/common.js,address/address.js,prom/prom.js,colorsize/colorsize.js,buytype/buytype.js,baitiao/baitiao.js,summary/summary.js,o2o/o2o.js,buybtn/buybtn.js,track/track.js,suits/suits.js,crumb/crumb.js,fittings/fittings.js,detail/detail.js,contact/contact.js,popbox/popbox.js,preview/preview.js,info/info.js,imcenter/imcenter.js,jdservice/jdservice.js,jdservicePlus/jdservicePlus.js,jdserviceF/jdserviceF.js,commitments/commitments.js,gift/gift.js,popupCar/popupCar.js,lazyinit/lazyinit.js:43)
  resolveWith (https://misc.360buyimg.com/??jdf/lib/jquery-1.6.4.js,jdf/1.0.0/unit/base/1.0.0/base.js,jdf/1.0.0/ui/ui/1.0.0/ui.js:2)
  w (https://misc.360buyimg.com/??jdf/lib/jquery-1.6.4.js,jdf/1.0.0/unit/base/1.0.0/base.js,jdf/1.0.0/ui/ui/1.0.0/ui.js:4)
  onreadystatechange (https://misc.360buyimg.com/??jdf/lib/jquery-1.6.4.js,jdf/1.0.0/unit/base/1.0.0/base.js,jdf/1.0.0/ui/ui/1.0.0/ui.js:4)

  phantomjs://platform/console++.js:263 in error
[ERROR - 2018-06-30T06:13:54.361Z] Session [7b6d0e30-7c2c-11e8-a6b5-f3036121ee5f] - page.onError - msg: ReferenceError: Can't find variable: videojs

  phantomjs://platform/console++.js:263 in error
[ERROR - 2018-06-30T06:13:54.361Z] Session [7b6d0e30-7c2c-11e8-a6b5-f3036121ee5f] - page.onError - stack:
  a (https://static.360buyimg.com/item/unite/1.0.50/components/default/??common/common.js,address/address.js,prom/prom.js,colorsize/colorsize.js,buytype/buytype.js,baitiao/baitiao.js,summary/summary.js,o2o/o2o.js,buybtn/buybtn.js,track/track.js,suits/suits.js,crumb/crumb.js,fittings/fittings.js,detail/detail.js,contact/contact.js,popbox/popbox.js,preview/preview.js,info/info.js,imcenter/imcenter.js,jdservice/jdservice.js,jdservicePlus/jdservicePlus.js,jdserviceF/jdserviceF.js,commitments/commitments.js,gift/gift.js,popupCar/popupCar.js,lazyinit/lazyinit.js:43)
  (anonymous function) (https://static.360buyimg.com/item/unite/1.0.50/components/default/??detail/nav.js,detail/qualitylife.js,videoBox/videoBox.js:9)
  callback (https://misc.360buyimg.com/??jdf/lib/jquery-1.6.4.js,jdf/1.0.0/unit/base/1.0.0/base.js,jdf/1.0.0/ui/ui/1.0.0/ui.js:6)
  onload (https://misc.360buyimg.com/??jdf/lib/jquery-1.6.4.js,jdf/1.0.0/unit/base/1.0.0/base.js,jdf/1.0.0/ui/ui/1.0.0/ui.js:6)
  onload (https://misc.360buyimg.com/??jdf/lib/jquery-1.6.4.js,jdf/1.0.0/unit/base/1.0.0/base.js,jdf/1.0.0/ui/ui/1.0.0/ui.js:6)
  load (https://misc.360buyimg.com/??jdf/lib/jquery-1.6.4.js,jdf/1.0.0/unit/base/1.0.0/base.js,jdf/1.0.0/ui/ui/1.0.0/ui.js:6)
  d (https://misc.360buyimg.com/??jdf/lib/jquery-1.6.4.js,jdf/1.0.0/unit/base/1.0.0/base.js,jdf/1.0.0/ui/ui/1.0.0/ui.js:6)
  f (https://misc.360buyimg.com/??jdf/lib/jquery-1.6.4.js,jdf/1.0.0/unit/base/1.0.0/base.js,jdf/1.0.0/ui/ui/1.0.0/ui.js:6)
  onerror (https://misc.360buyimg.com/??jdf/lib/jquery-1.6.4.js,jdf/1.0.0/unit/base/1.0.0/base.js,jdf/1.0.0/ui/ui/1.0.0/ui.js:6)

  phantomjs://platform/console++.js:263 in error
