[INFO  - 2017-11-13T06:39:39.701Z] GhostDriver - Main - running on port 51631
[INFO  - 2017-11-13T06:39:40.104Z] Session [6cbd1220-c83d-11e7-95e6-d5e5e592d52d] - page.settings - {"XSSAuditingEnabled":false,"javascriptCanCloseWindows":true,"javascriptCanOpenWindows":true,"javascriptEnabled":true,"loadImages":false,"localToRemoteUrlAccessEnabled":false,"userAgent":"Mozilla/5.0 (Windows NT 5.2; rv:10.0.1) Gecko/20100101 Firefox/10.0.1 SeaMonkey/2.7.1","webSecurityEnabled":true}
[INFO  - 2017-11-13T06:39:40.104Z] Session [6cbd1220-c83d-11e7-95e6-d5e5e592d52d] - page.customHeaders:  - {}
[INFO  - 2017-11-13T06:39:40.105Z] Session [6cbd1220-c83d-11e7-95e6-d5e5e592d52d] - Session.negotiatedCapabilities - {"browserName":"phantomjs","version":"2.1.1","driverName":"ghostdriver","driverVersion":"1.2.0","platform":"mac-unknown-64bit","javascriptEnabled":true,"takesScreenshot":true,"handlesAlerts":false,"databaseEnabled":false,"locationContextEnabled":false,"applicationCacheEnabled":false,"browserConnectionEnabled":false,"cssSelectorsEnabled":true,"webStorageEnabled":false,"rotatable":false,"acceptSslCerts":false,"nativeEvents":true,"proxy":{"proxyType":"direct"},"phantomjs.page.settings.resourceTimeout":1000,"phantomjs.page.settings.loadImages":false,"phantomjs.page.settings.disk-cache":true,"phantomjs.page.settings.userAgent":"Mozilla/5.0 (Windows NT 5.2; rv:10.0.1) Gecko/20100101 Firefox/10.0.1 SeaMonkey/2.7.1"}
[INFO  - 2017-11-13T06:39:40.105Z] SessionManagerReqHand - _postNewSessionCommand - New Session Created: 6cbd1220-c83d-11e7-95e6-d5e5e592d52d
[ERROR - 2017-11-13T06:39:42.224Z] RouterReqHand - _handle.error - {"name":"Missing Command Parameter","message":"{\"headers\":{\"Accept\":\"application/json\",\"Accept-Encoding\":\"identity\",\"Content-Length\":\"72\",\"Content-Type\":\"application/json;charset=UTF-8\",\"Host\":\"127.0.0.1:51631\",\"User-Agent\":\"Python http auth\",\"X-Lantern-Version\":\"4.2.1-beta2\"},\"httpVersion\":\"1.1\",\"method\":\"POST\",\"post\":\"{\\\"pageLoad\\\": 15000, \\\"sessionId\\\": \\\"6cbd1220-c83d-11e7-95e6-d5e5e592d52d\\\"}\",\"url\":\"/timeouts\",\"urlParsed\":{\"anchor\":\"\",\"query\":\"\",\"file\":\"timeouts\",\"directory\":\"/\",\"path\":\"/timeouts\",\"relative\":\"/timeouts\",\"port\":\"\",\"host\":\"\",\"password\":\"\",\"user\":\"\",\"userInfo\":\"\",\"authority\":\"\",\"protocol\":\"\",\"source\":\"/timeouts\",\"queryKey\":{},\"chunks\":[\"timeouts\"]},\"urlOriginal\":\"/session/6cbd1220-c83d-11e7-95e6-d5e5e592d52d/timeouts\"}","line":546,"sourceURL":"phantomjs://code/session_request_handler.js","stack":"_postTimeout@phantomjs://code/session_request_handler.js:546:73\n_handle@phantomjs://code/session_request_handler.js:148:25\n_reroute@phantomjs://code/request_handler.js:61:20\n_handle@phantomjs://code/router_request_handler.js:78:46"}

  phantomjs://platform/console++.js:263 in error
[ERROR - 2017-11-13T06:39:42.801Z] RouterReqHand - _handle.error - {"name":"Missing Command Parameter","message":"{\"headers\":{\"Accept\":\"application/json\",\"Accept-Encoding\":\"identity\",\"Content-Length\":\"72\",\"Content-Type\":\"application/json;charset=UTF-8\",\"Host\":\"127.0.0.1:51631\",\"User-Agent\":\"Python http auth\",\"X-Lantern-Version\":\"4.2.1-beta2\"},\"httpVersion\":\"1.1\",\"method\":\"POST\",\"post\":\"{\\\"pageLoad\\\": 15000, \\\"sessionId\\\": \\\"6cbd1220-c83d-11e7-95e6-d5e5e592d52d\\\"}\",\"url\":\"/timeouts\",\"urlParsed\":{\"anchor\":\"\",\"query\":\"\",\"file\":\"timeouts\",\"directory\":\"/\",\"path\":\"/timeouts\",\"relative\":\"/timeouts\",\"port\":\"\",\"host\":\"\",\"password\":\"\",\"user\":\"\",\"userInfo\":\"\",\"authority\":\"\",\"protocol\":\"\",\"source\":\"/timeouts\",\"queryKey\":{},\"chunks\":[\"timeouts\"]},\"urlOriginal\":\"/session/6cbd1220-c83d-11e7-95e6-d5e5e592d52d/timeouts\"}","line":546,"sourceURL":"phantomjs://code/session_request_handler.js","stack":"_postTimeout@phantomjs://code/session_request_handler.js:546:73\n_handle@phantomjs://code/session_request_handler.js:148:25\n_reroute@phantomjs://code/request_handler.js:61:20\n_handle@phantomjs://code/router_request_handler.js:78:46"}

  phantomjs://platform/console++.js:263 in error
[ERROR - 2017-11-13T06:39:43.066Z] RouterReqHand - _handle.error - {"name":"Missing Command Parameter","message":"{\"headers\":{\"Accept\":\"application/json\",\"Accept-Encoding\":\"identity\",\"Content-Length\":\"72\",\"Content-Type\":\"application/json;charset=UTF-8\",\"Host\":\"127.0.0.1:51631\",\"User-Agent\":\"Python http auth\",\"X-Lantern-Version\":\"4.2.1-beta2\"},\"httpVersion\":\"1.1\",\"method\":\"POST\",\"post\":\"{\\\"pageLoad\\\": 15000, \\\"sessionId\\\": \\\"6cbd1220-c83d-11e7-95e6-d5e5e592d52d\\\"}\",\"url\":\"/timeouts\",\"urlParsed\":{\"anchor\":\"\",\"query\":\"\",\"file\":\"timeouts\",\"directory\":\"/\",\"path\":\"/timeouts\",\"relative\":\"/timeouts\",\"port\":\"\",\"host\":\"\",\"password\":\"\",\"user\":\"\",\"userInfo\":\"\",\"authority\":\"\",\"protocol\":\"\",\"source\":\"/timeouts\",\"queryKey\":{},\"chunks\":[\"timeouts\"]},\"urlOriginal\":\"/session/6cbd1220-c83d-11e7-95e6-d5e5e592d52d/timeouts\"}","line":546,"sourceURL":"phantomjs://code/session_request_handler.js","stack":"_postTimeout@phantomjs://code/session_request_handler.js:546:73\n_handle@phantomjs://code/session_request_handler.js:148:25\n_reroute@phantomjs://code/request_handler.js:61:20\n_handle@phantomjs://code/router_request_handler.js:78:46"}

  phantomjs://platform/console++.js:263 in error
[ERROR - 2017-11-13T06:39:43.329Z] RouterReqHand - _handle.error - {"name":"Missing Command Parameter","message":"{\"headers\":{\"Accept\":\"application/json\",\"Accept-Encoding\":\"identity\",\"Content-Length\":\"72\",\"Content-Type\":\"application/json;charset=UTF-8\",\"Host\":\"127.0.0.1:51631\",\"User-Agent\":\"Python http auth\",\"X-Lantern-Version\":\"4.2.1-beta2\"},\"httpVersion\":\"1.1\",\"method\":\"POST\",\"post\":\"{\\\"pageLoad\\\": 15000, \\\"sessionId\\\": \\\"6cbd1220-c83d-11e7-95e6-d5e5e592d52d\\\"}\",\"url\":\"/timeouts\",\"urlParsed\":{\"anchor\":\"\",\"query\":\"\",\"file\":\"timeouts\",\"directory\":\"/\",\"path\":\"/timeouts\",\"relative\":\"/timeouts\",\"port\":\"\",\"host\":\"\",\"password\":\"\",\"user\":\"\",\"userInfo\":\"\",\"authority\":\"\",\"protocol\":\"\",\"source\":\"/timeouts\",\"queryKey\":{},\"chunks\":[\"timeouts\"]},\"urlOriginal\":\"/session/6cbd1220-c83d-11e7-95e6-d5e5e592d52d/timeouts\"}","line":546,"sourceURL":"phantomjs://code/session_request_handler.js","stack":"_postTimeout@phantomjs://code/session_request_handler.js:546:73\n_handle@phantomjs://code/session_request_handler.js:148:25\n_reroute@phantomjs://code/request_handler.js:61:20\n_handle@phantomjs://code/router_request_handler.js:78:46"}

  phantomjs://platform/console++.js:263 in error
[ERROR - 2017-11-13T06:39:43.592Z] RouterReqHand - _handle.error - {"name":"Missing Command Parameter","message":"{\"headers\":{\"Accept\":\"application/json\",\"Accept-Encoding\":\"identity\",\"Content-Length\":\"72\",\"Content-Type\":\"application/json;charset=UTF-8\",\"Host\":\"127.0.0.1:51631\",\"User-Agent\":\"Python http auth\",\"X-Lantern-Version\":\"4.2.1-beta2\"},\"httpVersion\":\"1.1\",\"method\":\"POST\",\"post\":\"{\\\"pageLoad\\\": 15000, \\\"sessionId\\\": \\\"6cbd1220-c83d-11e7-95e6-d5e5e592d52d\\\"}\",\"url\":\"/timeouts\",\"urlParsed\":{\"anchor\":\"\",\"query\":\"\",\"file\":\"timeouts\",\"directory\":\"/\",\"path\":\"/timeouts\",\"relative\":\"/timeouts\",\"port\":\"\",\"host\":\"\",\"password\":\"\",\"user\":\"\",\"userInfo\":\"\",\"authority\":\"\",\"protocol\":\"\",\"source\":\"/timeouts\",\"queryKey\":{},\"chunks\":[\"timeouts\"]},\"urlOriginal\":\"/session/6cbd1220-c83d-11e7-95e6-d5e5e592d52d/timeouts\"}","line":546,"sourceURL":"phantomjs://code/session_request_handler.js","stack":"_postTimeout@phantomjs://code/session_request_handler.js:546:73\n_handle@phantomjs://code/session_request_handler.js:148:25\n_reroute@phantomjs://code/request_handler.js:61:20\n_handle@phantomjs://code/router_request_handler.js:78:46"}

  phantomjs://platform/console++.js:263 in error
[ERROR - 2017-11-13T06:39:43.858Z] RouterReqHand - _handle.error - {"name":"Missing Command Parameter","message":"{\"headers\":{\"Accept\":\"application/json\",\"Accept-Encoding\":\"identity\",\"Content-Length\":\"72\",\"Content-Type\":\"application/json;charset=UTF-8\",\"Host\":\"127.0.0.1:51631\",\"User-Agent\":\"Python http auth\",\"X-Lantern-Version\":\"4.2.1-beta2\"},\"httpVersion\":\"1.1\",\"method\":\"POST\",\"post\":\"{\\\"pageLoad\\\": 15000, \\\"sessionId\\\": \\\"6cbd1220-c83d-11e7-95e6-d5e5e592d52d\\\"}\",\"url\":\"/timeouts\",\"urlParsed\":{\"anchor\":\"\",\"query\":\"\",\"file\":\"timeouts\",\"directory\":\"/\",\"path\":\"/timeouts\",\"relative\":\"/timeouts\",\"port\":\"\",\"host\":\"\",\"password\":\"\",\"user\":\"\",\"userInfo\":\"\",\"authority\":\"\",\"protocol\":\"\",\"source\":\"/timeouts\",\"queryKey\":{},\"chunks\":[\"timeouts\"]},\"urlOriginal\":\"/session/6cbd1220-c83d-11e7-95e6-d5e5e592d52d/timeouts\"}","line":546,"sourceURL":"phantomjs://code/session_request_handler.js","stack":"_postTimeout@phantomjs://code/session_request_handler.js:546:73\n_handle@phantomjs://code/session_request_handler.js:148:25\n_reroute@phantomjs://code/request_handler.js:61:20\n_handle@phantomjs://code/router_request_handler.js:78:46"}

  phantomjs://platform/console++.js:263 in error
[ERROR - 2017-11-13T06:39:44.121Z] RouterReqHand - _handle.error - {"name":"Missing Command Parameter","message":"{\"headers\":{\"Accept\":\"application/json\",\"Accept-Encoding\":\"identity\",\"Content-Length\":\"72\",\"Content-Type\":\"application/json;charset=UTF-8\",\"Host\":\"127.0.0.1:51631\",\"User-Agent\":\"Python http auth\",\"X-Lantern-Version\":\"4.2.1-beta2\"},\"httpVersion\":\"1.1\",\"method\":\"POST\",\"post\":\"{\\\"pageLoad\\\": 15000, \\\"sessionId\\\": \\\"6cbd1220-c83d-11e7-95e6-d5e5e592d52d\\\"}\",\"url\":\"/timeouts\",\"urlParsed\":{\"anchor\":\"\",\"query\":\"\",\"file\":\"timeouts\",\"directory\":\"/\",\"path\":\"/timeouts\",\"relative\":\"/timeouts\",\"port\":\"\",\"host\":\"\",\"password\":\"\",\"user\":\"\",\"userInfo\":\"\",\"authority\":\"\",\"protocol\":\"\",\"source\":\"/timeouts\",\"queryKey\":{},\"chunks\":[\"timeouts\"]},\"urlOriginal\":\"/session/6cbd1220-c83d-11e7-95e6-d5e5e592d52d/timeouts\"}","line":546,"sourceURL":"phantomjs://code/session_request_handler.js","stack":"_postTimeout@phantomjs://code/session_request_handler.js:546:73\n_handle@phantomjs://code/session_request_handler.js:148:25\n_reroute@phantomjs://code/request_handler.js:61:20\n_handle@phantomjs://code/router_request_handler.js:78:46"}

  phantomjs://platform/console++.js:263 in error
[ERROR - 2017-11-13T06:39:44.381Z] RouterReqHand - _handle.error - {"name":"Missing Command Parameter","message":"{\"headers\":{\"Accept\":\"application/json\",\"Accept-Encoding\":\"identity\",\"Content-Length\":\"72\",\"Content-Type\":\"application/json;charset=UTF-8\",\"Host\":\"127.0.0.1:51631\",\"User-Agent\":\"Python http auth\",\"X-Lantern-Version\":\"4.2.1-beta2\"},\"httpVersion\":\"1.1\",\"method\":\"POST\",\"post\":\"{\\\"pageLoad\\\": 15000, \\\"sessionId\\\": \\\"6cbd1220-c83d-11e7-95e6-d5e5e592d52d\\\"}\",\"url\":\"/timeouts\",\"urlParsed\":{\"anchor\":\"\",\"query\":\"\",\"file\":\"timeouts\",\"directory\":\"/\",\"path\":\"/timeouts\",\"relative\":\"/timeouts\",\"port\":\"\",\"host\":\"\",\"password\":\"\",\"user\":\"\",\"userInfo\":\"\",\"authority\":\"\",\"protocol\":\"\",\"source\":\"/timeouts\",\"queryKey\":{},\"chunks\":[\"timeouts\"]},\"urlOriginal\":\"/session/6cbd1220-c83d-11e7-95e6-d5e5e592d52d/timeouts\"}","line":546,"sourceURL":"phantomjs://code/session_request_handler.js","stack":"_postTimeout@phantomjs://code/session_request_handler.js:546:73\n_handle@phantomjs://code/session_request_handler.js:148:25\n_reroute@phantomjs://code/request_handler.js:61:20\n_handle@phantomjs://code/router_request_handler.js:78:46"}

  phantomjs://platform/console++.js:263 in error
[ERROR - 2017-11-13T06:39:44.643Z] RouterReqHand - _handle.error - {"name":"Missing Command Parameter","message":"{\"headers\":{\"Accept\":\"application/json\",\"Accept-Encoding\":\"identity\",\"Content-Length\":\"72\",\"Content-Type\":\"application/json;charset=UTF-8\",\"Host\":\"127.0.0.1:51631\",\"User-Agent\":\"Python http auth\",\"X-Lantern-Version\":\"4.2.1-beta2\"},\"httpVersion\":\"1.1\",\"method\":\"POST\",\"post\":\"{\\\"pageLoad\\\": 15000, \\\"sessionId\\\": \\\"6cbd1220-c83d-11e7-95e6-d5e5e592d52d\\\"}\",\"url\":\"/timeouts\",\"urlParsed\":{\"anchor\":\"\",\"query\":\"\",\"file\":\"timeouts\",\"directory\":\"/\",\"path\":\"/timeouts\",\"relative\":\"/timeouts\",\"port\":\"\",\"host\":\"\",\"password\":\"\",\"user\":\"\",\"userInfo\":\"\",\"authority\":\"\",\"protocol\":\"\",\"source\":\"/timeouts\",\"queryKey\":{},\"chunks\":[\"timeouts\"]},\"urlOriginal\":\"/session/6cbd1220-c83d-11e7-95e6-d5e5e592d52d/timeouts\"}","line":546,"sourceURL":"phantomjs://code/session_request_handler.js","stack":"_postTimeout@phantomjs://code/session_request_handler.js:546:73\n_handle@phantomjs://code/session_request_handler.js:148:25\n_reroute@phantomjs://code/request_handler.js:61:20\n_handle@phantomjs://code/router_request_handler.js:78:46"}

  phantomjs://platform/console++.js:263 in error
[ERROR - 2017-11-13T06:39:44.799Z] RouterReqHand - _handle.error - {"name":"Missing Command Parameter","message":"{\"headers\":{\"Accept\":\"application/json\",\"Accept-Encoding\":\"identity\",\"Content-Length\":\"72\",\"Content-Type\":\"application/json;charset=UTF-8\",\"Host\":\"127.0.0.1:51631\",\"User-Agent\":\"Python http auth\",\"X-Lantern-Version\":\"4.2.1-beta2\"},\"httpVersion\":\"1.1\",\"method\":\"POST\",\"post\":\"{\\\"pageLoad\\\": 15000, \\\"sessionId\\\": \\\"6cbd1220-c83d-11e7-95e6-d5e5e592d52d\\\"}\",\"url\":\"/timeouts\",\"urlParsed\":{\"anchor\":\"\",\"query\":\"\",\"file\":\"timeouts\",\"directory\":\"/\",\"path\":\"/timeouts\",\"relative\":\"/timeouts\",\"port\":\"\",\"host\":\"\",\"password\":\"\",\"user\":\"\",\"userInfo\":\"\",\"authority\":\"\",\"protocol\":\"\",\"source\":\"/timeouts\",\"queryKey\":{},\"chunks\":[\"timeouts\"]},\"urlOriginal\":\"/session/6cbd1220-c83d-11e7-95e6-d5e5e592d52d/timeouts\"}","line":546,"sourceURL":"phantomjs://code/session_request_handler.js","stack":"_postTimeout@phantomjs://code/session_request_handler.js:546:73\n_handle@phantomjs://code/session_request_handler.js:148:25\n_reroute@phantomjs://code/request_handler.js:61:20\n_handle@phantomjs://code/router_request_handler.js:78:46"}

  phantomjs://platform/console++.js:263 in error
[ERROR - 2017-11-13T06:39:44.960Z] RouterReqHand - _handle.error - {"name":"Missing Command Parameter","message":"{\"headers\":{\"Accept\":\"application/json\",\"Accept-Encoding\":\"identity\",\"Content-Length\":\"72\",\"Content-Type\":\"application/json;charset=UTF-8\",\"Host\":\"127.0.0.1:51631\",\"User-Agent\":\"Python http auth\",\"X-Lantern-Version\":\"4.2.1-beta2\"},\"httpVersion\":\"1.1\",\"method\":\"POST\",\"post\":\"{\\\"pageLoad\\\": 15000, \\\"sessionId\\\": \\\"6cbd1220-c83d-11e7-95e6-d5e5e592d52d\\\"}\",\"url\":\"/timeouts\",\"urlParsed\":{\"anchor\":\"\",\"query\":\"\",\"file\":\"timeouts\",\"directory\":\"/\",\"path\":\"/timeouts\",\"relative\":\"/timeouts\",\"port\":\"\",\"host\":\"\",\"password\":\"\",\"user\":\"\",\"userInfo\":\"\",\"authority\":\"\",\"protocol\":\"\",\"source\":\"/timeouts\",\"queryKey\":{},\"chunks\":[\"timeouts\"]},\"urlOriginal\":\"/session/6cbd1220-c83d-11e7-95e6-d5e5e592d52d/timeouts\"}","line":546,"sourceURL":"phantomjs://code/session_request_handler.js","stack":"_postTimeout@phantomjs://code/session_request_handler.js:546:73\n_handle@phantomjs://code/session_request_handler.js:148:25\n_reroute@phantomjs://code/request_handler.js:61:20\n_handle@phantomjs://code/router_request_handler.js:78:46"}

  phantomjs://platform/console++.js:263 in error
[ERROR - 2017-11-13T06:39:45.227Z] RouterReqHand - _handle.error - {"name":"Missing Command Parameter","message":"{\"headers\":{\"Accept\":\"application/json\",\"Accept-Encoding\":\"identity\",\"Content-Length\":\"72\",\"Content-Type\":\"application/json;charset=UTF-8\",\"Host\":\"127.0.0.1:51631\",\"User-Agent\":\"Python http auth\",\"X-Lantern-Version\":\"4.2.1-beta2\"},\"httpVersion\":\"1.1\",\"method\":\"POST\",\"post\":\"{\\\"pageLoad\\\": 15000, \\\"sessionId\\\": \\\"6cbd1220-c83d-11e7-95e6-d5e5e592d52d\\\"}\",\"url\":\"/timeouts\",\"urlParsed\":{\"anchor\":\"\",\"query\":\"\",\"file\":\"timeouts\",\"directory\":\"/\",\"path\":\"/timeouts\",\"relative\":\"/timeouts\",\"port\":\"\",\"host\":\"\",\"password\":\"\",\"user\":\"\",\"userInfo\":\"\",\"authority\":\"\",\"protocol\":\"\",\"source\":\"/timeouts\",\"queryKey\":{},\"chunks\":[\"timeouts\"]},\"urlOriginal\":\"/session/6cbd1220-c83d-11e7-95e6-d5e5e592d52d/timeouts\"}","line":546,"sourceURL":"phantomjs://code/session_request_handler.js","stack":"_postTimeout@phantomjs://code/session_request_handler.js:546:73\n_handle@phantomjs://code/session_request_handler.js:148:25\n_reroute@phantomjs://code/request_handler.js:61:20\n_handle@phantomjs://code/router_request_handler.js:78:46"}

  phantomjs://platform/console++.js:263 in error
[ERROR - 2017-11-13T06:39:45.487Z] RouterReqHand - _handle.error - {"name":"Missing Command Parameter","message":"{\"headers\":{\"Accept\":\"application/json\",\"Accept-Encoding\":\"identity\",\"Content-Length\":\"72\",\"Content-Type\":\"application/json;charset=UTF-8\",\"Host\":\"127.0.0.1:51631\",\"User-Agent\":\"Python http auth\",\"X-Lantern-Version\":\"4.2.1-beta2\"},\"httpVersion\":\"1.1\",\"method\":\"POST\",\"post\":\"{\\\"pageLoad\\\": 15000, \\\"sessionId\\\": \\\"6cbd1220-c83d-11e7-95e6-d5e5e592d52d\\\"}\",\"url\":\"/timeouts\",\"urlParsed\":{\"anchor\":\"\",\"query\":\"\",\"file\":\"timeouts\",\"directory\":\"/\",\"path\":\"/timeouts\",\"relative\":\"/timeouts\",\"port\":\"\",\"host\":\"\",\"password\":\"\",\"user\":\"\",\"userInfo\":\"\",\"authority\":\"\",\"protocol\":\"\",\"source\":\"/timeouts\",\"queryKey\":{},\"chunks\":[\"timeouts\"]},\"urlOriginal\":\"/session/6cbd1220-c83d-11e7-95e6-d5e5e592d52d/timeouts\"}","line":546,"sourceURL":"phantomjs://code/session_request_handler.js","stack":"_postTimeout@phantomjs://code/session_request_handler.js:546:73\n_handle@phantomjs://code/session_request_handler.js:148:25\n_reroute@phantomjs://code/request_handler.js:61:20\n_handle@phantomjs://code/router_request_handler.js:78:46"}

  phantomjs://platform/console++.js:263 in error
[ERROR - 2017-11-13T06:39:45.758Z] RouterReqHand - _handle.error - {"name":"Missing Command Parameter","message":"{\"headers\":{\"Accept\":\"application/json\",\"Accept-Encoding\":\"identity\",\"Content-Length\":\"72\",\"Content-Type\":\"application/json;charset=UTF-8\",\"Host\":\"127.0.0.1:51631\",\"User-Agent\":\"Python http auth\",\"X-Lantern-Version\":\"4.2.1-beta2\"},\"httpVersion\":\"1.1\",\"method\":\"POST\",\"post\":\"{\\\"pageLoad\\\": 15000, \\\"sessionId\\\": \\\"6cbd1220-c83d-11e7-95e6-d5e5e592d52d\\\"}\",\"url\":\"/timeouts\",\"urlParsed\":{\"anchor\":\"\",\"query\":\"\",\"file\":\"timeouts\",\"directory\":\"/\",\"path\":\"/timeouts\",\"relative\":\"/timeouts\",\"port\":\"\",\"host\":\"\",\"password\":\"\",\"user\":\"\",\"userInfo\":\"\",\"authority\":\"\",\"protocol\":\"\",\"source\":\"/timeouts\",\"queryKey\":{},\"chunks\":[\"timeouts\"]},\"urlOriginal\":\"/session/6cbd1220-c83d-11e7-95e6-d5e5e592d52d/timeouts\"}","line":546,"sourceURL":"phantomjs://code/session_request_handler.js","stack":"_postTimeout@phantomjs://code/session_request_handler.js:546:73\n_handle@phantomjs://code/session_request_handler.js:148:25\n_reroute@phantomjs://code/request_handler.js:61:20\n_handle@phantomjs://code/router_request_handler.js:78:46"}

  phantomjs://platform/console++.js:263 in error
[ERROR - 2017-11-13T06:39:46.024Z] RouterReqHand - _handle.error - {"name":"Missing Command Parameter","message":"{\"headers\":{\"Accept\":\"application/json\",\"Accept-Encoding\":\"identity\",\"Content-Length\":\"72\",\"Content-Type\":\"application/json;charset=UTF-8\",\"Host\":\"127.0.0.1:51631\",\"User-Agent\":\"Python http auth\",\"X-Lantern-Version\":\"4.2.1-beta2\"},\"httpVersion\":\"1.1\",\"method\":\"POST\",\"post\":\"{\\\"pageLoad\\\": 15000, \\\"sessionId\\\": \\\"6cbd1220-c83d-11e7-95e6-d5e5e592d52d\\\"}\",\"url\":\"/timeouts\",\"urlParsed\":{\"anchor\":\"\",\"query\":\"\",\"file\":\"timeouts\",\"directory\":\"/\",\"path\":\"/timeouts\",\"relative\":\"/timeouts\",\"port\":\"\",\"host\":\"\",\"password\":\"\",\"user\":\"\",\"userInfo\":\"\",\"authority\":\"\",\"protocol\":\"\",\"source\":\"/timeouts\",\"queryKey\":{},\"chunks\":[\"timeouts\"]},\"urlOriginal\":\"/session/6cbd1220-c83d-11e7-95e6-d5e5e592d52d/timeouts\"}","line":546,"sourceURL":"phantomjs://code/session_request_handler.js","stack":"_postTimeout@phantomjs://code/session_request_handler.js:546:73\n_handle@phantomjs://code/session_request_handler.js:148:25\n_reroute@phantomjs://code/request_handler.js:61:20\n_handle@phantomjs://code/router_request_handler.js:78:46"}

  phantomjs://platform/console++.js:263 in error
[ERROR - 2017-11-13T06:39:46.284Z] RouterReqHand - _handle.error - {"name":"Missing Command Parameter","message":"{\"headers\":{\"Accept\":\"application/json\",\"Accept-Encoding\":\"identity\",\"Content-Length\":\"72\",\"Content-Type\":\"application/json;charset=UTF-8\",\"Host\":\"127.0.0.1:51631\",\"User-Agent\":\"Python http auth\",\"X-Lantern-Version\":\"4.2.1-beta2\"},\"httpVersion\":\"1.1\",\"method\":\"POST\",\"post\":\"{\\\"pageLoad\\\": 15000, \\\"sessionId\\\": \\\"6cbd1220-c83d-11e7-95e6-d5e5e592d52d\\\"}\",\"url\":\"/timeouts\",\"urlParsed\":{\"anchor\":\"\",\"query\":\"\",\"file\":\"timeouts\",\"directory\":\"/\",\"path\":\"/timeouts\",\"relative\":\"/timeouts\",\"port\":\"\",\"host\":\"\",\"password\":\"\",\"user\":\"\",\"userInfo\":\"\",\"authority\":\"\",\"protocol\":\"\",\"source\":\"/timeouts\",\"queryKey\":{},\"chunks\":[\"timeouts\"]},\"urlOriginal\":\"/session/6cbd1220-c83d-11e7-95e6-d5e5e592d52d/timeouts\"}","line":546,"sourceURL":"phantomjs://code/session_request_handler.js","stack":"_postTimeout@phantomjs://code/session_request_handler.js:546:73\n_handle@phantomjs://code/session_request_handler.js:148:25\n_reroute@phantomjs://code/request_handler.js:61:20\n_handle@phantomjs://code/router_request_handler.js:78:46"}

  phantomjs://platform/console++.js:263 in error
[ERROR - 2017-11-13T06:39:46.550Z] RouterReqHand - _handle.error - {"name":"Missing Command Parameter","message":"{\"headers\":{\"Accept\":\"application/json\",\"Accept-Encoding\":\"identity\",\"Content-Length\":\"72\",\"Content-Type\":\"application/json;charset=UTF-8\",\"Host\":\"127.0.0.1:51631\",\"User-Agent\":\"Python http auth\",\"X-Lantern-Version\":\"4.2.1-beta2\"},\"httpVersion\":\"1.1\",\"method\":\"POST\",\"post\":\"{\\\"pageLoad\\\": 15000, \\\"sessionId\\\": \\\"6cbd1220-c83d-11e7-95e6-d5e5e592d52d\\\"}\",\"url\":\"/timeouts\",\"urlParsed\":{\"anchor\":\"\",\"query\":\"\",\"file\":\"timeouts\",\"directory\":\"/\",\"path\":\"/timeouts\",\"relative\":\"/timeouts\",\"port\":\"\",\"host\":\"\",\"password\":\"\",\"user\":\"\",\"userInfo\":\"\",\"authority\":\"\",\"protocol\":\"\",\"source\":\"/timeouts\",\"queryKey\":{},\"chunks\":[\"timeouts\"]},\"urlOriginal\":\"/session/6cbd1220-c83d-11e7-95e6-d5e5e592d52d/timeouts\"}","line":546,"sourceURL":"phantomjs://code/session_request_handler.js","stack":"_postTimeout@phantomjs://code/session_request_handler.js:546:73\n_handle@phantomjs://code/session_request_handler.js:148:25\n_reroute@phantomjs://code/request_handler.js:61:20\n_handle@phantomjs://code/router_request_handler.js:78:46"}

  phantomjs://platform/console++.js:263 in error
[ERROR - 2017-11-13T06:39:46.813Z] RouterReqHand - _handle.error - {"name":"Missing Command Parameter","message":"{\"headers\":{\"Accept\":\"application/json\",\"Accept-Encoding\":\"identity\",\"Content-Length\":\"72\",\"Content-Type\":\"application/json;charset=UTF-8\",\"Host\":\"127.0.0.1:51631\",\"User-Agent\":\"Python http auth\",\"X-Lantern-Version\":\"4.2.1-beta2\"},\"httpVersion\":\"1.1\",\"method\":\"POST\",\"post\":\"{\\\"pageLoad\\\": 15000, \\\"sessionId\\\": \\\"6cbd1220-c83d-11e7-95e6-d5e5e592d52d\\\"}\",\"url\":\"/timeouts\",\"urlParsed\":{\"anchor\":\"\",\"query\":\"\",\"file\":\"timeouts\",\"directory\":\"/\",\"path\":\"/timeouts\",\"relative\":\"/timeouts\",\"port\":\"\",\"host\":\"\",\"password\":\"\",\"user\":\"\",\"userInfo\":\"\",\"authority\":\"\",\"protocol\":\"\",\"source\":\"/timeouts\",\"queryKey\":{},\"chunks\":[\"timeouts\"]},\"urlOriginal\":\"/session/6cbd1220-c83d-11e7-95e6-d5e5e592d52d/timeouts\"}","line":546,"sourceURL":"phantomjs://code/session_request_handler.js","stack":"_postTimeout@ph[INFO  - 2017-11-13T06:43:14.806Z] SessionManagerReqHand - _cleanupWindowlessSessions - Asynchronous Sessions clean-up phase starting NOW
[INFO  - 2017-11-13T06:48:14.814Z] SessionManagerReqHand - _cleanupWindowlessSessions - Asynchronous Sessions clean-up phase starting NOW
[INFO  - 2017-11-13T06:53:14.814Z] SessionManagerReqHand - _cleanupWindowlessSessions - Asynchronous Sessions clean-up phase starting NOW
[INFO  - 2017-11-13T06:58:14.837Z] SessionManagerReqHand - _cleanupWindowlessSessions - Asynchronous Sessions clean-up phase starting NOW
[INFO  - 2017-11-13T07:03:14.821Z] SessionManagerReqHand - _cleanupWindowlessSessions - Asynchronous Sessions clean-up phase starting NOW
[INFO  - 2017-11-13T07:08:14.822Z] SessionManagerReqHand - _cleanupWindowlessSessions - Asynchronous Sessions clean-up phase starting NOW
[INFO  - 2017-11-13T07:13:14.822Z] SessionManagerReqHand - _cleanupWindowlessSessions - Asynchronous Sessions clean-up phase starting NOW
[INFO  - 2017-11-13T07:18:14.822Z] SessionManagerReqHand - _cleanupWindowlessSessions - Asynchronous Sessions clean-up phase starting NOW
[INFO  - 2017-11-13T07:23:14.822Z] SessionManagerReqHand - _cleanupWindowlessSessions - Asynchronous Sessions clean-up phase starting NOW
[INFO  - 2017-11-13T07:28:14.827Z] SessionManagerReqHand - _cleanupWindowlessSessions - Asynchronous Sessions clean-up phase starting NOW
[INFO  - 2017-11-13T07:33:14.828Z] SessionManagerReqHand - _cleanupWindowlessSessions - Asynchronous Sessions clean-up phase starting NOW
[INFO  - 2017-11-13T07:38:14.830Z] SessionManagerReqHand - _cleanupWindowlessSessions - Asynchronous Sessions clean-up phase starting NOW
[INFO  - 2017-11-13T07:43:14.830Z] SessionManagerReqHand - _cleanupWindowlessSessions - Asynchronous Sessions clean-up phase starting NOW
[INFO  - 2017-11-13T07:48:14.831Z] SessionManagerReqHand - _cleanupWindowlessSessions - Asynchronous Sessions clean-up phase starting NOW
[INFO  - 2017-11-13T07:53:14.831Z] SessionManagerReqHand - _cleanupWindowlessSessions - Asynchronous Sessions clean-up phase starting NOW
[INFO  - 2017-11-13T07:58:14.831Z] SessionManagerReqHand - _cleanupWindowlessSessions - Asynchronous Sessions clean-up phase starting NOW
[INFO  - 2017-11-13T08:03:14.835Z] SessionManagerReqHand - _cleanupWindowlessSessions - Asynchronous Sessions clean-up phase starting NOW
[INFO  - 2017-11-13T08:08:14.835Z] SessionManagerReqHand - _cleanupWindowlessSessions - Asynchronous Sessions clean-up phase starting NOW
[INFO  - 2017-11-13T08:13:14.835Z] SessionManagerReqHand - _cleanupWindowlessSessions - Asynchronous Sessions clean-up phase starting NOW
[INFO  - 2017-11-13T08:18:14.835Z] SessionManagerReqHand - _cleanupWindowlessSessions - Asynchronous Sessions clean-up phase starting NOW
[INFO  - 2017-11-13T08:23:14.835Z] SessionManagerReqHand - _cleanupWindowlessSessions - Asynchronous Sessions clean-up phase starting NOW
[INFO  - 2017-11-13T08:28:14.836Z] SessionManagerReqHand - _cleanupWindowlessSessions - Asynchronous Sessions clean-up phase starting NOW
[INFO  - 2017-11-13T08:33:14.836Z] SessionManagerReqHand - _cleanupWindowlessSessions - Asynchronous Sessions clean-up phase starting NOW
[INFO  - 2017-11-13T08:38:14.836Z] SessionManagerReqHand - _cleanupWindowlessSessions - Asynchronous Sessions clean-up phase starting NOW
[INFO  - 2017-11-13T08:43:14.836Z] SessionManagerReqHand - _cleanupWindowlessSessions - Asynchronous Sessions clean-up phase starting NOW
[INFO  - 2017-11-13T08:48:14.836Z] SessionManagerReqHand - _cleanupWindowlessSessions - Asynchronous Sessions clean-up phase starting NOW
[INFO  - 2017-11-13T08:53:14.837Z] SessionManagerReqHand - _cleanupWindowlessSessions - Asynchronous Sessions clean-up phase starting NOW
[INFO  - 2017-11-13T08:58:14.837Z] SessionManagerReqHand - _cleanupWindowlessSessions - Asynchronous Sessions clean-up phase starting NOW
[INFO  - 2017-11-13T09:03:14.838Z] SessionManagerReqHand - _cleanupWindowlessSessions - Asynchronous Sessions clean-up phase starting NOW
[INFO  - 2017-11-13T09:08:14.838Z] SessionManagerReqHand - _cleanupWindowlessSessions - Asynchronous Sessions clean-up phase starting NOW
[INFO  - 2017-11-13T09:13:14.838Z] SessionManagerReqHand - _cleanupWindowlessSessions - Asynchronous Sessions clean-up phase starting NOW
[INFO  - 2017-11-13T09:18:14.838Z] SessionManagerReqHand - _cleanupWindowlessSessions - Asynchronous Sessions clean-up phase starting NOW
[INFO  - 2017-11-13T09:23:14.840Z] SessionManagerReqHand - _cleanupWindowlessSessions - Asynchronous Sessions clean-up phase starting NOW
[INFO  - 2017-11-13T09:28:14.849Z] SessionManagerReqHand - _cleanupWindowlessSessions - Asynchronous Sessions clean-up phase starting NOW
[INFO  - 2017-11-13T09:33:14.855Z] SessionManagerReqHand - _cleanupWindowlessSessions - Asynchronous Sessions clean-up phase starting NOW
[INFO  - 2017-11-13T09:38:14.855Z] SessionManagerReqHand - _cleanupWindowlessSessions - Asynchronous Sessions clean-up phase starting NOW
[INFO  - 2017-11-13T09:43:14.856Z] SessionManagerReqHand - _cleanupWindowlessSessions - Asynchronous Sessions clean-up phase starting NOW
[INFO  - 2017-11-13T09:48:14.855Z] SessionManagerReqHand - _cleanupWindowlessSessions - Asynchronous Sessions clean-up phase starting NOW
[INFO  - 2017-11-13T09:53:14.855Z] SessionManagerReqHand - _cleanupWindowlessSessions - Asynchronous Sessions clean-up phase starting NOW
[INFO  - 2017-11-13T09:58:14.856Z] SessionManagerReqHand - _cleanupWindowlessSessions - Asynchronous Sessions clean-up phase starting NOW
[INFO  - 2017-11-13T10:03:14.855Z] SessionManagerReqHand - _cleanupWindowlessSessions - Asynchronous Sessions clean-up phase starting NOW
[INFO  - 2017-11-13T10:08:14.855Z] SessionManagerReqHand - _cleanupWindowlessSessions - Asynchronous Sessions clean-up phase starting NOW
[INFO  - 2017-11-13T10:13:14.855Z] SessionManagerReqHand - _cleanupWindowlessSessions - Asynchronous Sessions clean-up phase starting NOW
[INFO  - 2017-11-13T10:18:14.856Z] SessionManagerReqHand - _cleanupWindowlessSessions - Asynchronous Sessions clean-up phase starting NOW
[INFO  - 2017-11-13T10:23:14.856Z] SessionManagerReqHand - _cleanupWindowlessSessions - Asynchronous Sessions clean-up phase starting NOW
[INFO  - 2017-11-13T10:28:14.857Z] SessionManagerReqHand - _cleanupWindowlessSessions - Asynchronous Sessions clean-up phase starting NOW
[INFO  - 2017-11-13T10:33:14.857Z] SessionManagerReqHand - _cleanupWindowlessSessions - Asynchronous Sessions clean-up phase starting NOW
[INFO  - 2017-11-13T11:17:12.891Z] SessionManagerReqHand - _cleanupWindowlessSessions - Asynchronous Sessions clean-up phase starting NOW
[INFO  - 2017-11-13T11:22:12.891Z] SessionManagerReqHand - _cleanupWindowlessSessions - Asynchronous Sessions clean-up phase starting NOW
[INFO  - 2017-11-13T11:27:12.892Z] SessionManagerReqHand - _cleanupWindowlessSessions - Asynchronous Sessions clean-up phase starting NOW
[INFO  - 2017-11-13T11:32:12.894Z] SessionManagerReqHand - _cleanupWindowlessSessions - Asynchronous Sessions clean-up phase starting NOW
[INFO  - 2017-11-13T11:37:12.891Z] SessionManagerReqHand - _cleanupWindowlessSessions - Asynchronous Sessions clean-up phase starting NOW
[INFO  - 2017-11-13T11:42:12.891Z] SessionManagerReqHand - _cleanupWindowlessSessions - Asynchronous Sessions clean-up phase starting NOW
[INFO  - 2017-11-13T11:47:12.892Z] SessionManagerReqHand - _cleanupWindowlessSessions - Asynchronous Sessions clean-up phase starting NOW
[INFO  - 2017-11-13T11:52:12.892Z] SessionManagerReqHand - _cleanupWindowlessSessions - Asynchronous Sessions clean-up phase starting NOW
[INFO  - 2017-11-13T11:57:12.893Z] SessionManagerReqHand - _cleanupWindowlessSessions - Asynchronous Sessions clean-up phase starting NOW
[INFO  - 2017-11-13T12:02:12.893Z] SessionManagerReqHand - _cleanupWindowlessSessions - Asynchronous Sessions clean-up phase starting NOW
[INFO  - 2017-11-13T12:07:12.893Z] SessionManagerReqHand - _cleanupWindowlessSessions - Asynchronous Sessions clean-up phase starting NOW
[INFO  - 2017-11-13T12:12:12.893Z] SessionManagerReqHand - _cleanupWindowlessSessions - Asynchronous Sessions clean-up phase starting NOW
[INFO  - 2017-11-13T12:17:12.893Z] SessionManagerReqHand - _cleanupWindowlessSessions - Asynchronous Sessions clean-up phase starting NOW
[INFO  - 2017-11-13T12:39:11.120Z] SessionManagerReqHand - _cleanupWindowlessSessions - Asynchronous Sessions clean-up phase starting NOW
[INFO  - 2017-11-13T12:44:11.120Z] SessionManagerReqHand - _cleanupWindowlessSessions - Asynchronous Sessions clean-up phase starting NOW
[INFO  - 2017-11-13T12:49:11.122Z] SessionManagerReqHand - _cleanupWindowlessSessions - Asynchronous Sessions clean-up phase starting NOW
[INFO  - 2017-11-13T12:54:11.121Z] SessionManagerReqHand - _cleanupWindowlessSessions - Asynchronous Sessions clean-up phase starting NOW
[INFO  - 2017-11-13T12:59:11.121Z] SessionManagerReqHand - _cleanupWindowlessSessions - Asynchronous Sessions clean-up phase starting NOW
[INFO  - 2017-11-13T13:04:11.129Z] SessionManagerReqHand - _cleanupWindowlessSessions - Asynchronous Sessions clean-up phase starting NOW
[INFO  - 2017-11-13T13:09:11.137Z] SessionManagerReqHand - _cleanupWindowlessSessions - Asynchronous Sessions clean-up phase starting NOW
[INFO  - 2017-11-13T13:14:11.139Z] SessionManagerReqHand - _cleanupWindowlessSessions - Asynchronous Sessions clean-up phase starting NOW
[INFO  - 2017-11-13T13:19:11.139Z] SessionManagerReqHand - _cleanupWindowlessSessions - Asynchronous Sessions clean-up phase starting NOW
[INFO  - 2017-11-13T13:24:11.139Z] SessionManagerReqHand - _cleanupWindowlessSessions - Asynchronous Sessions clean-up phase starting NOW
[INFO  - 2017-11-13T13:29:11.139Z] SessionManagerReqHand - _cleanupWindowlessSessions - Asynchronous Sessions clean-up phase starting NOW
[INFO  - 2017-11-13T13:34:11.141Z] SessionManagerReqHand - _cleanupWindowlessSessions - Asynchronous Sessions clean-up phase starting NOW
[INFO  - 2017-11-13T13:39:11.139Z] SessionManagerReqHand - _cleanupWindowlessSessions - Asynchronous Sessions clean-up phase starting NOW
[INFO  - 2017-11-13T13:44:11.139Z] SessionManagerReqHand - _cleanupWindowlessSessions - Asynchronous Sessions clean-up phase starting NOW
[INFO  - 2017-11-13T13:49:11.140Z] SessionManagerReqHand - _cleanupWindowlessSessions - Asynchronous Sessions clean-up phase starting NOW
[INFO  - 2017-11-13T13:54:11.140Z] SessionManagerReqHand - _cleanupWindowlessSessions - Asynchronous Sessions clean-up phase starting NOW
[INFO  - 2017-11-13T13:59:11.140Z] SessionManagerReqHand - _cleanupWindowlessSessions - Asynchronous Sessions clean-up phase starting NOW
[INFO  - 2017-11-13T14:04:11.140Z] SessionManagerReqHand - _cleanupWindowlessSessions - Asynchronous Sessions clean-up phase starting NOW
[INFO  - 2017-11-13T14:09:11.140Z] SessionManagerReqHand - _cleanupWindowlessSessions - Asynchronous Sessions clean-up phase starting NOW
[INFO  - 2017-11-13T14:14:11.365Z] SessionManagerReqHand - _cleanupWindowlessSessions - Asynchronous Sessions clean-up phase starting NOW
[INFO  - 2017-11-13T14:19:11.364Z] SessionManagerReqHand - _cleanupWindowlessSessions - Asynchronous Sessions clean-up phase starting NOW
[INFO  - 2017-11-13T14:24:11.364Z] SessionManagerReqHand - _cleanupWindowlessSessions - Asynchronous Sessions clean-up phase starting NOW
[INFO  - 2017-11-13T14:29:11.364Z] SessionManagerReqHand - _cleanupWindowlessSessions - Asynchronous Sessions clean-up phase starting NOW
[INFO  - 2017-11-13T14:34:11.364Z] SessionManagerReqHand - _cleanupWindowlessSessions - Asynchronous Sessions clean-up phase starting NOW
[INFO  - 2017-11-13T14:39:11.364Z] SessionManagerReqHand - _cleanupWindowlessSessions - Asynchronous Sessions clean-up phase starting NOW
[INFO  - 2017-11-13T14:44:11.366Z] SessionManagerReqHand - _cleanupWindowlessSessions - Asynchronous Sessions clean-up phase starting NOW
[INFO  - 2017-11-13T14:49:11.366Z] SessionManagerReqHand - _cleanupWindowlessSessions - Asynchronous Sessions clean-up phase starting NOW
[INFO  - 2017-11-13T14:54:11.366Z] SessionManagerReqHand - _cleanupWindowlessSessions - Asynchronous Sessions clean-up phase starting NOW
[INFO  - 2017-11-13T14:59:11.366Z] SessionManagerReqHand - _cleanupWindowlessSessions - Asynchronous Sessions clean-up phase starting NOW
[INFO  - 2017-11-13T15:04:11.369Z] SessionManagerReqHand - _cleanupWindowlessSessions - Asynchronous Sessions clean-up phase starting NOW
